[1.786s] Invoking command in '/home/ram_charan/DH_ws/src/darkhorse_bringup': PYTHONPATH=/home/ram_charan/DH_ws/build/darkhorse_bringup/prefix_override:/usr/lib/python3/dist-packages/colcon_core/task/python/colcon_distutils_commands:/home/ram_charan/DH_ws/install/darkhorse_bringup/lib/python3.10/site-packages:${PYTHONPATH} /usr/bin/python3 -W ignore:setup.py install is deprecated -W ignore:easy_install command is deprecated setup.py egg_info --egg-base ../../build/darkhorse_bringup build --build-base /home/ram_charan/DH_ws/build/darkhorse_bringup/build install --record /home/ram_charan/DH_ws/build/darkhorse_bringup/install.log --single-version-externally-managed install_data
[2.130s] running egg_info
[2.131s] writing ../../build/darkhorse_bringup/darkhorse_bringup.egg-info/PKG-INFO
[2.131s] writing dependency_links to ../../build/darkhorse_bringup/darkhorse_bringup.egg-info/dependency_links.txt
[2.131s] writing entry points to ../../build/darkhorse_bringup/darkhorse_bringup.egg-info/entry_points.txt
[2.131s] writing requirements to ../../build/darkhorse_bringup/darkhorse_bringup.egg-info/requires.txt
[2.131s] writing top-level names to ../../build/darkhorse_bringup/darkhorse_bringup.egg-info/top_level.txt
[2.134s] reading manifest file '../../build/darkhorse_bringup/darkhorse_bringup.egg-info/SOURCES.txt'
[2.135s] writing manifest file '../../build/darkhorse_bringup/darkhorse_bringup.egg-info/SOURCES.txt'
[2.135s] running build
[2.135s] running build_py
[2.136s] running install
[2.136s] running install_lib
[2.137s] running install_data
[2.137s] running install_egg_info
[2.141s] removing '/home/ram_charan/DH_ws/install/darkhorse_bringup/lib/python3.10/site-packages/darkhorse_bringup-0.0.0-py3.10.egg-info' (and everything under it)
[2.142s] Copying ../../build/darkhorse_bringup/darkhorse_bringup.egg-info to /home/ram_charan/DH_ws/install/darkhorse_bringup/lib/python3.10/site-packages/darkhorse_bringup-0.0.0-py3.10.egg-info
[2.142s] running install_scripts
[2.173s] writing list of installed files to '/home/ram_charan/DH_ws/build/darkhorse_bringup/install.log'
[2.204s] Invoked command in '/home/ram_charan/DH_ws/src/darkhorse_bringup' returned '0': PYTHONPATH=/home/ram_charan/DH_ws/build/darkhorse_bringup/prefix_override:/usr/lib/python3/dist-packages/colcon_core/task/python/colcon_distutils_commands:/home/ram_charan/DH_ws/install/darkhorse_bringup/lib/python3.10/site-packages:${PYTHONPATH} /usr/bin/python3 -W ignore:setup.py install is deprecated -W ignore:easy_install command is deprecated setup.py egg_info --egg-base ../../build/darkhorse_bringup build --build-base /home/ram_charan/DH_ws/build/darkhorse_bringup/build install --record /home/ram_charan/DH_ws/build/darkhorse_bringup/install.log --single-version-externally-managed install_data
