[1.814s] Invoking command in '/home/ram_charan/DH_ws/build/darkhorse_dbw': PYTHONPATH=/home/ram_charan/DH_ws/build/darkhorse_dbw/prefix_override:/usr/lib/python3/dist-packages/colcon_core/task/python/colcon_distutils_commands:/home/ram_charan/DH_ws/install/darkhorse_dbw/lib/python3.10/site-packages:${PYTHONPATH} /usr/bin/python3 -W ignore:setup.py install is deprecated -W ignore:easy_install command is deprecated setup.py develop --editable --build-directory /home/ram_charan/DH_ws/build/darkhorse_dbw/build --no-deps symlink_data --force
[2.194s] running develop
[2.433s] running egg_info
[2.433s] writing darkhorse_dbw.egg-info/PKG-INFO
[2.433s] writing dependency_links to darkhorse_dbw.egg-info/dependency_links.txt
[2.434s] writing entry points to darkhorse_dbw.egg-info/entry_points.txt
[2.434s] writing requirements to darkhorse_dbw.egg-info/requires.txt
[2.434s] writing top-level names to darkhorse_dbw.egg-info/top_level.txt
[2.437s] reading manifest file 'darkhorse_dbw.egg-info/SOURCES.txt'
[2.438s] writing manifest file 'darkhorse_dbw.egg-info/SOURCES.txt'
[2.440s] running build_ext
[2.441s] Creating /home/ram_charan/DH_ws/install/darkhorse_dbw/lib/python3.10/site-packages/darkhorse-dbw.egg-link (link to .)
[2.442s] Installing hal_node script to /home/ram_charan/DH_ws/install/darkhorse_dbw/lib/darkhorse_dbw
[2.442s] Installing speed_node script to /home/ram_charan/DH_ws/install/darkhorse_dbw/lib/darkhorse_dbw
[2.442s] 
[2.442s] Installed /home/ram_charan/DH_ws/build/darkhorse_dbw
[2.443s] running symlink_data
[2.443s] symbolically linking /home/ram_charan/DH_ws/build/darkhorse_dbw/resource/darkhorse_dbw -> /home/ram_charan/DH_ws/install/darkhorse_dbw/share/ament_index/resource_index/packages
[2.443s] symbolically linking /home/ram_charan/DH_ws/build/darkhorse_dbw/package.xml -> /home/ram_charan/DH_ws/install/darkhorse_dbw/share/darkhorse_dbw
[2.443s] symbolically linking /home/ram_charan/DH_ws/build/darkhorse_dbw/config/Starkenn_Orion_Radar_x_aBAJA.dbc -> /home/ram_charan/DH_ws/install/darkhorse_dbw/share/darkhorse_dbw/config
[2.496s] Invoked command in '/home/ram_charan/DH_ws/build/darkhorse_dbw' returned '0': PYTHONPATH=/home/ram_charan/DH_ws/build/darkhorse_dbw/prefix_override:/usr/lib/python3/dist-packages/colcon_core/task/python/colcon_distutils_commands:/home/ram_charan/DH_ws/install/darkhorse_dbw/lib/python3.10/site-packages:${PYTHONPATH} /usr/bin/python3 -W ignore:setup.py install is deprecated -W ignore:easy_install command is deprecated setup.py develop --editable --build-directory /home/ram_charan/DH_ws/build/darkhorse_dbw/build --no-deps symlink_data --force
