[0.976s] Invoking command in '/home/ram_charan/DH_ws/build/darkhorse_control': PYTHONPATH=/home/ram_charan/DH_ws/build/darkhorse_control/prefix_override:/usr/lib/python3/dist-packages/colcon_core/task/python/colcon_distutils_commands:/home/ram_charan/DH_ws/install/darkhorse_control/lib/python3.10/site-packages:${PYTHONPATH} /usr/bin/python3 -W ignore:setup.py install is deprecated -W ignore:easy_install command is deprecated setup.py develop --uninstall --editable --build-directory /home/ram_charan/DH_ws/build/darkhorse_control/build
[1.183s] running develop
[1.310s] Removing /home/ram_charan/DH_ws/install/darkhorse_control/lib/python3.10/site-packages/darkhorse-control.egg-link (link to .)
[1.334s] Invoked command in '/home/ram_charan/DH_ws/build/darkhorse_control' returned '0': PYTHONPATH=/home/ram_charan/DH_ws/build/darkhorse_control/prefix_override:/usr/lib/python3/dist-packages/colcon_core/task/python/colcon_distutils_commands:/home/ram_charan/DH_ws/install/darkhorse_control/lib/python3.10/site-packages:${PYTHONPATH} /usr/bin/python3 -W ignore:setup.py install is deprecated -W ignore:easy_install command is deprecated setup.py develop --uninstall --editable --build-directory /home/ram_charan/DH_ws/build/darkhorse_control/build
[1.335s] Invoking command in '/home/ram_charan/DH_ws/src/darkhorse_control': PYTHONPATH=/home/ram_charan/DH_ws/build/darkhorse_control/prefix_override:/usr/lib/python3/dist-packages/colcon_core/task/python/colcon_distutils_commands:/home/ram_charan/DH_ws/install/darkhorse_control/lib/python3.10/site-packages:${PYTHONPATH} /usr/bin/python3 -W ignore:setup.py install is deprecated -W ignore:easy_install command is deprecated setup.py egg_info --egg-base ../../build/darkhorse_control build --build-base /home/ram_charan/DH_ws/build/darkhorse_control/build install --record /home/ram_charan/DH_ws/build/darkhorse_control/install.log --single-version-externally-managed install_data --force
[1.514s] running egg_info
[1.516s] writing ../../build/darkhorse_control/darkhorse_control.egg-info/PKG-INFO
[1.516s] writing dependency_links to ../../build/darkhorse_control/darkhorse_control.egg-info/dependency_links.txt
[1.516s] writing entry points to ../../build/darkhorse_control/darkhorse_control.egg-info/entry_points.txt
[1.516s] writing requirements to ../../build/darkhorse_control/darkhorse_control.egg-info/requires.txt
[1.516s] writing top-level names to ../../build/darkhorse_control/darkhorse_control.egg-info/top_level.txt
[1.517s] reading manifest file '../../build/darkhorse_control/darkhorse_control.egg-info/SOURCES.txt'
[1.518s] writing manifest file '../../build/darkhorse_control/darkhorse_control.egg-info/SOURCES.txt'
[1.518s] running build
[1.518s] running build_py
[1.519s] copying darkhorse_control/lka_node.py -> /home/ram_charan/DH_ws/build/darkhorse_control/build/lib/darkhorse_control
[1.519s] running install
[1.519s] running install_lib
[1.520s] creating /home/ram_charan/DH_ws/install/darkhorse_control/lib/python3.10/site-packages/darkhorse_control
[1.520s] copying /home/ram_charan/DH_ws/build/darkhorse_control/build/lib/darkhorse_control/aeb_controller.py -> /home/ram_charan/DH_ws/install/darkhorse_control/lib/python3.10/site-packages/darkhorse_control
[1.520s] copying /home/ram_charan/DH_ws/build/darkhorse_control/build/lib/darkhorse_control/fake_speed_publisher.py -> /home/ram_charan/DH_ws/install/darkhorse_control/lib/python3.10/site-packages/darkhorse_control
[1.520s] copying /home/ram_charan/DH_ws/build/darkhorse_control/build/lib/darkhorse_control/aeb_node.py -> /home/ram_charan/DH_ws/install/darkhorse_control/lib/python3.10/site-packages/darkhorse_control
[1.521s] copying /home/ram_charan/DH_ws/build/darkhorse_control/build/lib/darkhorse_control/__init__.py -> /home/ram_charan/DH_ws/install/darkhorse_control/lib/python3.10/site-packages/darkhorse_control
[1.521s] copying /home/ram_charan/DH_ws/build/darkhorse_control/build/lib/darkhorse_control/lka_node.py -> /home/ram_charan/DH_ws/install/darkhorse_control/lib/python3.10/site-packages/darkhorse_control
[1.521s] copying /home/ram_charan/DH_ws/build/darkhorse_control/build/lib/darkhorse_control/joy_bridge.py -> /home/ram_charan/DH_ws/install/darkhorse_control/lib/python3.10/site-packages/darkhorse_control
[1.521s] byte-compiling /home/ram_charan/DH_ws/install/darkhorse_control/lib/python3.10/site-packages/darkhorse_control/aeb_controller.py to aeb_controller.cpython-310.pyc
[1.523s] byte-compiling /home/ram_charan/DH_ws/install/darkhorse_control/lib/python3.10/site-packages/darkhorse_control/fake_speed_publisher.py to fake_speed_publisher.cpython-310.pyc
[1.523s] byte-compiling /home/ram_charan/DH_ws/install/darkhorse_control/lib/python3.10/site-packages/darkhorse_control/aeb_node.py to aeb_node.cpython-310.pyc
[1.524s] byte-compiling /home/ram_charan/DH_ws/install/darkhorse_control/lib/python3.10/site-packages/darkhorse_control/__init__.py to __init__.cpython-310.pyc
[1.524s] byte-compiling /home/ram_charan/DH_ws/install/darkhorse_control/lib/python3.10/site-packages/darkhorse_control/lka_node.py to lka_node.cpython-310.pyc
[1.526s] byte-compiling /home/ram_charan/DH_ws/install/darkhorse_control/lib/python3.10/site-packages/darkhorse_control/joy_bridge.py to joy_bridge.cpython-310.pyc
[1.526s] running install_data
[1.527s] copying resource/darkhorse_control -> /home/ram_charan/DH_ws/install/darkhorse_control/share/ament_index/resource_index/packages
[1.527s] copying package.xml -> /home/ram_charan/DH_ws/install/darkhorse_control/share/darkhorse_control
[1.527s] copying launch/lka.launch.py -> /home/ram_charan/DH_ws/install/darkhorse_control/share/darkhorse_control/launch
[1.527s] running install_egg_info
[1.529s] Copying ../../build/darkhorse_control/darkhorse_control.egg-info to /home/ram_charan/DH_ws/install/darkhorse_control/lib/python3.10/site-packages/darkhorse_control-0.0.0-py3.10.egg-info
[1.530s] running install_scripts
[1.545s] Installing acc_node script to /home/ram_charan/DH_ws/install/darkhorse_control/lib/darkhorse_control
[1.545s] Installing aeb_controller script to /home/ram_charan/DH_ws/install/darkhorse_control/lib/darkhorse_control
[1.545s] Installing aeb_node script to /home/ram_charan/DH_ws/install/darkhorse_control/lib/darkhorse_control
[1.546s] Installing fake_speed_publisher script to /home/ram_charan/DH_ws/install/darkhorse_control/lib/darkhorse_control
[1.546s] Installing joy_bridge script to /home/ram_charan/DH_ws/install/darkhorse_control/lib/darkhorse_control
[1.546s] Installing lka_node script to /home/ram_charan/DH_ws/install/darkhorse_control/lib/darkhorse_control
[1.546s] Installing mission_control_node script to /home/ram_charan/DH_ws/install/darkhorse_control/lib/darkhorse_control
[1.546s] writing list of installed files to '/home/ram_charan/DH_ws/build/darkhorse_control/install.log'
[1.583s] Invoked command in '/home/ram_charan/DH_ws/src/darkhorse_control' returned '0': PYTHONPATH=/home/ram_charan/DH_ws/build/darkhorse_control/prefix_override:/usr/lib/python3/dist-packages/colcon_core/task/python/colcon_distutils_commands:/home/ram_charan/DH_ws/install/darkhorse_control/lib/python3.10/site-packages:${PYTHONPATH} /usr/bin/python3 -W ignore:setup.py install is deprecated -W ignore:easy_install command is deprecated setup.py egg_info --egg-base ../../build/darkhorse_control build --build-base /home/ram_charan/DH_ws/build/darkhorse_control/build install --record /home/ram_charan/DH_ws/build/darkhorse_control/install.log --single-version-externally-managed install_data --force
