running egg_info
writing ../../build/darkhorse_control/darkhorse_control.egg-info/PKG-INFO
writing dependency_links to ../../build/darkhorse_control/darkhorse_control.egg-info/dependency_links.txt
writing entry points to ../../build/darkhorse_control/darkhorse_control.egg-info/entry_points.txt
writing requirements to ../../build/darkhorse_control/darkhorse_control.egg-info/requires.txt
writing top-level names to ../../build/darkhorse_control/darkhorse_control.egg-info/top_level.txt
reading manifest file '../../build/darkhorse_control/darkhorse_control.egg-info/SOURCES.txt'
writing manifest file '../../build/darkhorse_control/darkhorse_control.egg-info/SOURCES.txt'
running build
running build_py
running install
running install_lib
running install_data
running install_egg_info
removing '/home/ram_charan/DH_ws/install/darkhorse_control/lib/python3.10/site-packages/darkhorse_control-0.0.0-py3.10.egg-info' (and everything under it)
Copying ../../build/darkhorse_control/darkhorse_control.egg-info to /home/ram_charan/DH_ws/install/darkhorse_control/lib/python3.10/site-packages/darkhorse_control-0.0.0-py3.10.egg-info
running install_scripts
Installing acc_node script to /home/ram_charan/DH_ws/install/darkhorse_control/lib/darkhorse_control
Installing aeb_controller script to /home/ram_charan/DH_ws/install/darkhorse_control/lib/darkhorse_control
Installing aeb_node script to /home/ram_charan/DH_ws/install/darkhorse_control/lib/darkhorse_control
Installing fake_speed_publisher script to /home/ram_charan/DH_ws/install/darkhorse_control/lib/darkhorse_control
Installing joy_bridge script to /home/ram_charan/DH_ws/install/darkhorse_control/lib/darkhorse_control
Installing mission_control_node script to /home/ram_charan/DH_ws/install/darkhorse_control/lib/darkhorse_control
writing list of installed files to '/home/ram_charan/DH_ws/build/darkhorse_control/install.log'
