[1.255s] Invoking command in '/home/ram_charan/DH_ws/src/darkhorse_perception': PYTHONPATH=/home/ram_charan/DH_ws/src/build/darkhorse_perception/prefix_override:/usr/lib/python3/dist-packages/colcon_core/task/python/colcon_distutils_commands:/home/ram_charan/DH_ws/src/install/darkhorse_perception/lib/python3.10/site-packages:${PYTHONPATH} /usr/bin/python3 -W ignore:setup.py install is deprecated -W ignore:easy_install command is deprecated setup.py egg_info --egg-base ../build/darkhorse_perception build --build-base /home/ram_charan/DH_ws/src/build/darkhorse_perception/build install --record /home/ram_charan/DH_ws/src/build/darkhorse_perception/install.log --single-version-externally-managed install_data
[1.525s] running egg_info
[1.525s] creating ../build/darkhorse_perception/darkhorse_perception.egg-info
[1.525s] writing ../build/darkhorse_perception/darkhorse_perception.egg-info/PKG-INFO
[1.526s] writing dependency_links to ../build/darkhorse_perception/darkhorse_perception.egg-info/dependency_links.txt
[1.526s] writing entry points to ../build/darkhorse_perception/darkhorse_perception.egg-info/entry_points.txt
[1.526s] writing requirements to ../build/darkhorse_perception/darkhorse_perception.egg-info/requires.txt
[1.526s] writing top-level names to ../build/darkhorse_perception/darkhorse_perception.egg-info/top_level.txt
[1.526s] writing manifest file '../build/darkhorse_perception/darkhorse_perception.egg-info/SOURCES.txt'
[1.528s] reading manifest file '../build/darkhorse_perception/darkhorse_perception.egg-info/SOURCES.txt'
[1.529s] writing manifest file '../build/darkhorse_perception/darkhorse_perception.egg-info/SOURCES.txt'
[1.529s] running build
[1.529s] running build_py
[1.529s] creating /home/ram_charan/DH_ws/src/build/darkhorse_perception/build
[1.529s] creating /home/ram_charan/DH_ws/src/build/darkhorse_perception/build/lib
[1.530s] creating /home/ram_charan/DH_ws/src/build/darkhorse_perception/build/lib/darkhorse_perception
[1.530s] copying darkhorse_perception/radar_rx_node.py -> /home/ram_charan/DH_ws/src/build/darkhorse_perception/build/lib/darkhorse_perception
[1.531s] copying darkhorse_perception/radar_visualizer.py -> /home/ram_charan/DH_ws/src/build/darkhorse_perception/build/lib/darkhorse_perception
[1.531s] copying darkhorse_perception/__init__.py -> /home/ram_charan/DH_ws/src/build/darkhorse_perception/build/lib/darkhorse_perception
[1.532s] copying darkhorse_perception/camera_perception_node.py -> /home/ram_charan/DH_ws/src/build/darkhorse_perception/build/lib/darkhorse_perception
[1.532s] running install
[1.532s] running install_lib
[1.533s] creating /home/ram_charan/DH_ws/src/install/darkhorse_perception/lib/python3.10/site-packages/darkhorse_perception
[1.533s] copying /home/ram_charan/DH_ws/src/build/darkhorse_perception/build/lib/darkhorse_perception/radar_rx_node.py -> /home/ram_charan/DH_ws/src/install/darkhorse_perception/lib/python3.10/site-packages/darkhorse_perception
[1.534s] copying /home/ram_charan/DH_ws/src/build/darkhorse_perception/build/lib/darkhorse_perception/radar_visualizer.py -> /home/ram_charan/DH_ws/src/install/darkhorse_perception/lib/python3.10/site-packages/darkhorse_perception
[1.534s] copying /home/ram_charan/DH_ws/src/build/darkhorse_perception/build/lib/darkhorse_perception/__init__.py -> /home/ram_charan/DH_ws/src/install/darkhorse_perception/lib/python3.10/site-packages/darkhorse_perception
[1.534s] copying /home/ram_charan/DH_ws/src/build/darkhorse_perception/build/lib/darkhorse_perception/camera_perception_node.py -> /home/ram_charan/DH_ws/src/install/darkhorse_perception/lib/python3.10/site-packages/darkhorse_perception
[1.534s] byte-compiling /home/ram_charan/DH_ws/src/install/darkhorse_perception/lib/python3.10/site-packages/darkhorse_perception/radar_rx_node.py to radar_rx_node.cpython-310.pyc
[1.536s] byte-compiling /home/ram_charan/DH_ws/src/install/darkhorse_perception/lib/python3.10/site-packages/darkhorse_perception/radar_visualizer.py to radar_visualizer.cpython-310.pyc
[1.538s] byte-compiling /home/ram_charan/DH_ws/src/install/darkhorse_perception/lib/python3.10/site-packages/darkhorse_perception/__init__.py to __init__.cpython-310.pyc
[1.538s] byte-compiling /home/ram_charan/DH_ws/src/install/darkhorse_perception/lib/python3.10/site-packages/darkhorse_perception/camera_perception_node.py to camera_perception_node.cpython-310.pyc
[1.539s] running install_data
[1.539s] creating /home/ram_charan/DH_ws/src/install/darkhorse_perception/share/ament_index
[1.539s] creating /home/ram_charan/DH_ws/src/install/darkhorse_perception/share/ament_index/resource_index
[1.539s] creating /home/ram_charan/DH_ws/src/install/darkhorse_perception/share/ament_index/resource_index/packages
[1.540s] copying resource/darkhorse_perception -> /home/ram_charan/DH_ws/src/install/darkhorse_perception/share/ament_index/resource_index/packages
[1.540s] copying package.xml -> /home/ram_charan/DH_ws/src/install/darkhorse_perception/share/darkhorse_perception
[1.540s] creating /home/ram_charan/DH_ws/src/install/darkhorse_perception/share/darkhorse_perception/launch
[1.540s] copying launch/camera_test.launch.py -> /home/ram_charan/DH_ws/src/install/darkhorse_perception/share/darkhorse_perception/launch
[1.540s] running install_egg_info
[1.541s] Copying ../build/darkhorse_perception/darkhorse_perception.egg-info to /home/ram_charan/DH_ws/src/install/darkhorse_perception/lib/python3.10/site-packages/darkhorse_perception-0.0.0-py3.10.egg-info
[1.543s] running install_scripts
[1.568s] Installing camera_perception_node script to /home/ram_charan/DH_ws/src/install/darkhorse_perception/lib/darkhorse_perception
[1.568s] Installing fusion_node script to /home/ram_charan/DH_ws/src/install/darkhorse_perception/lib/darkhorse_perception
[1.569s] Installing radar_rx_node script to /home/ram_charan/DH_ws/src/install/darkhorse_perception/lib/darkhorse_perception
[1.569s] Installing radar_visualizer script to /home/ram_charan/DH_ws/src/install/darkhorse_perception/lib/darkhorse_perception
[1.569s] writing list of installed files to '/home/ram_charan/DH_ws/src/build/darkhorse_perception/install.log'
[1.595s] Invoked command in '/home/ram_charan/DH_ws/src/darkhorse_perception' returned '0': PYTHONPATH=/home/ram_charan/DH_ws/src/build/darkhorse_perception/prefix_override:/usr/lib/python3/dist-packages/colcon_core/task/python/colcon_distutils_commands:/home/ram_charan/DH_ws/src/install/darkhorse_perception/lib/python3.10/site-packages:${PYTHONPATH} /usr/bin/python3 -W ignore:setup.py install is deprecated -W ignore:easy_install command is deprecated setup.py egg_info --egg-base ../build/darkhorse_perception build --build-base /home/ram_charan/DH_ws/src/build/darkhorse_perception/build install --record /home/ram_charan/DH_ws/src/build/darkhorse_perception/install.log --single-version-externally-managed install_data
