[1.819s] Invoking command in '/home/ram_charan/DH_ws/build/darkhorse_bringup': PYTHONPATH=/home/ram_charan/DH_ws/build/darkhorse_bringup/prefix_override:/usr/lib/python3/dist-packages/colcon_core/task/python/colcon_distutils_commands:/home/ram_charan/DH_ws/install/darkhorse_bringup/lib/python3.10/site-packages:${PYTHONPATH} /usr/bin/python3 -W ignore:setup.py install is deprecated -W ignore:easy_install command is deprecated setup.py develop --editable --build-directory /home/ram_charan/DH_ws/build/darkhorse_bringup/build --no-deps symlink_data --force
[2.189s] running develop
[2.412s] running egg_info
[2.412s] writing darkhorse_bringup.egg-info/PKG-INFO
[2.412s] writing dependency_links to darkhorse_bringup.egg-info/dependency_links.txt
[2.413s] writing entry points to darkhorse_bringup.egg-info/entry_points.txt
[2.413s] writing requirements to darkhorse_bringup.egg-info/requires.txt
[2.413s] writing top-level names to darkhorse_bringup.egg-info/top_level.txt
[2.417s] reading manifest file 'darkhorse_bringup.egg-info/SOURCES.txt'
[2.418s] writing manifest file 'darkhorse_bringup.egg-info/SOURCES.txt'
[2.422s] running build_ext
[2.422s] Creating /home/ram_charan/DH_ws/install/darkhorse_bringup/lib/python3.10/site-packages/darkhorse-bringup.egg-link (link to .)
[2.424s] 
[2.424s] Installed /home/ram_charan/DH_ws/build/darkhorse_bringup
[2.424s] running symlink_data
[2.424s] symbolically linking /home/ram_charan/DH_ws/build/darkhorse_bringup/resource/darkhorse_bringup -> /home/ram_charan/DH_ws/install/darkhorse_bringup/share/ament_index/resource_index/packages
[2.424s] symbolically linking /home/ram_charan/DH_ws/build/darkhorse_bringup/package.xml -> /home/ram_charan/DH_ws/install/darkhorse_bringup/share/darkhorse_bringup
[2.425s] symbolically linking /home/ram_charan/DH_ws/build/darkhorse_bringup/launch/dbw_only_testing.launch.py -> /home/ram_charan/DH_ws/install/darkhorse_bringup/share/darkhorse_bringup/launch
[2.425s] symbolically linking /home/ram_charan/DH_ws/build/darkhorse_bringup/launch/manual_testing.launch.py -> /home/ram_charan/DH_ws/install/darkhorse_bringup/share/darkhorse_bringup/launch
[2.425s] symbolically linking /home/ram_charan/DH_ws/build/darkhorse_bringup/launch/radar_test.launch.py -> /home/ram_charan/DH_ws/install/darkhorse_bringup/share/darkhorse_bringup/launch
[2.425s] symbolically linking /home/ram_charan/DH_ws/build/darkhorse_bringup/config/joystick_config.yaml -> /home/ram_charan/DH_ws/install/darkhorse_bringup/share/darkhorse_bringup/config
[2.475s] Invoked command in '/home/ram_charan/DH_ws/build/darkhorse_bringup' returned '0': PYTHONPATH=/home/ram_charan/DH_ws/build/darkhorse_bringup/prefix_override:/usr/lib/python3/dist-packages/colcon_core/task/python/colcon_distutils_commands:/home/ram_charan/DH_ws/install/darkhorse_bringup/lib/python3.10/site-packages:${PYTHONPATH} /usr/bin/python3 -W ignore:setup.py install is deprecated -W ignore:easy_install command is deprecated setup.py develop --editable --build-directory /home/ram_charan/DH_ws/build/darkhorse_bringup/build --no-deps symlink_data --force
