running develop
running egg_info
creating darkhorse_bringup.egg-info
writing darkhorse_bringup.egg-info/PKG-INFO
writing dependency_links to darkhorse_bringup.egg-info/dependency_links.txt
writing entry points to darkhorse_bringup.egg-info/entry_points.txt
writing requirements to darkhorse_bringup.egg-info/requires.txt
writing top-level names to darkhorse_bringup.egg-info/top_level.txt
writing manifest file 'darkhorse_bringup.egg-info/SOURCES.txt'
reading manifest file 'darkhorse_bringup.egg-info/SOURCES.txt'
writing manifest file 'darkhorse_bringup.egg-info/SOURCES.txt'
running build_ext
Creating /home/ram_charan/DH_ws/install/darkhorse_bringup/lib/python3.10/site-packages/darkhorse-bringup.egg-link (link to .)

Installed /home/ram_charan/DH_ws/build/darkhorse_bringup
running symlink_data
creating /home/ram_charan/DH_ws/install/darkhorse_bringup/share/ament_index
creating /home/ram_charan/DH_ws/install/darkhorse_bringup/share/ament_index/resource_index
creating /home/ram_charan/DH_ws/install/darkhorse_bringup/share/ament_index/resource_index/packages
symbolically linking /home/ram_charan/DH_ws/build/darkhorse_bringup/resource/darkhorse_bringup -> /home/ram_charan/DH_ws/install/darkhorse_bringup/share/ament_index/resource_index/packages
symbolically linking /home/ram_charan/DH_ws/build/darkhorse_bringup/package.xml -> /home/ram_charan/DH_ws/install/darkhorse_bringup/share/darkhorse_bringup
creating /home/ram_charan/DH_ws/install/darkhorse_bringup/share/darkhorse_bringup/launch
symbolically linking /home/ram_charan/DH_ws/build/darkhorse_bringup/launch/dbw_only_testing.launch.py -> /home/ram_charan/DH_ws/install/darkhorse_bringup/share/darkhorse_bringup/launch
symbolically linking /home/ram_charan/DH_ws/build/darkhorse_bringup/launch/manual_testing.launch.py -> /home/ram_charan/DH_ws/install/darkhorse_bringup/share/darkhorse_bringup/launch
symbolically linking /home/ram_charan/DH_ws/build/darkhorse_bringup/launch/radar_test.launch.py -> /home/ram_charan/DH_ws/install/darkhorse_bringup/share/darkhorse_bringup/launch
creating /home/ram_charan/DH_ws/install/darkhorse_bringup/share/darkhorse_bringup/config
symbolically linking /home/ram_charan/DH_ws/build/darkhorse_bringup/config/joystick_config.yaml -> /home/ram_charan/DH_ws/install/darkhorse_bringup/share/darkhorse_bringup/config
