[1.673s] Invoking command in '/home/ram_charan/DH_ws/build/darkhorse_bringup': PYTHONPATH=/home/ram_charan/DH_ws/build/darkhorse_bringup/prefix_override:/usr/lib/python3/dist-packages/colcon_core/task/python/colcon_distutils_commands:/home/ram_charan/DH_ws/install/darkhorse_bringup/lib/python3.10/site-packages:${PYTHONPATH} /usr/bin/python3 -W ignore:setup.py install is deprecated -W ignore:easy_install command is deprecated setup.py develop --uninstall --editable --build-directory /home/ram_charan/DH_ws/build/darkhorse_bringup/build
[2.010s] running develop
[2.287s] Removing /home/ram_charan/DH_ws/install/darkhorse_bringup/lib/python3.10/site-packages/darkhorse-bringup.egg-link (link to .)
[2.320s] Invoked command in '/home/ram_charan/DH_ws/build/darkhorse_bringup' returned '0': PYTHONPATH=/home/ram_charan/DH_ws/build/darkhorse_bringup/prefix_override:/usr/lib/python3/dist-packages/colcon_core/task/python/colcon_distutils_commands:/home/ram_charan/DH_ws/install/darkhorse_bringup/lib/python3.10/site-packages:${PYTHONPATH} /usr/bin/python3 -W ignore:setup.py install is deprecated -W ignore:easy_install command is deprecated setup.py develop --uninstall --editable --build-directory /home/ram_charan/DH_ws/build/darkhorse_bringup/build
[2.323s] Invoking command in '/home/ram_charan/DH_ws/src/darkhorse_bringup': PYTHONPATH=/home/ram_charan/DH_ws/build/darkhorse_bringup/prefix_override:/usr/lib/python3/dist-packages/colcon_core/task/python/colcon_distutils_commands:/home/ram_charan/DH_ws/install/darkhorse_bringup/lib/python3.10/site-packages:${PYTHONPATH} /usr/bin/python3 -W ignore:setup.py install is deprecated -W ignore:easy_install command is deprecated setup.py egg_info --egg-base ../../build/darkhorse_bringup build --build-base /home/ram_charan/DH_ws/build/darkhorse_bringup/build install --record /home/ram_charan/DH_ws/build/darkhorse_bringup/install.log --single-version-externally-managed install_data --force
[2.638s] running egg_info
[2.639s] writing ../../build/darkhorse_bringup/darkhorse_bringup.egg-info/PKG-INFO
[2.639s] writing dependency_links to ../../build/darkhorse_bringup/darkhorse_bringup.egg-info/dependency_links.txt
[2.640s] writing entry points to ../../build/darkhorse_bringup/darkhorse_bringup.egg-info/entry_points.txt
[2.640s] writing requirements to ../../build/darkhorse_bringup/darkhorse_bringup.egg-info/requires.txt
[2.640s] writing top-level names to ../../build/darkhorse_bringup/darkhorse_bringup.egg-info/top_level.txt
[2.642s] reading manifest file '../../build/darkhorse_bringup/darkhorse_bringup.egg-info/SOURCES.txt'
[2.644s] writing manifest file '../../build/darkhorse_bringup/darkhorse_bringup.egg-info/SOURCES.txt'
[2.644s] running build
[2.644s] running build_py
[2.644s] running install
[2.645s] running install_lib
[2.646s] creating /home/ram_charan/DH_ws/install/darkhorse_bringup/lib/python3.10/site-packages/darkhorse_bringup
[2.646s] copying /home/ram_charan/DH_ws/build/darkhorse_bringup/build/lib/darkhorse_bringup/__init__.py -> /home/ram_charan/DH_ws/install/darkhorse_bringup/lib/python3.10/site-packages/darkhorse_bringup
[2.647s] byte-compiling /home/ram_charan/DH_ws/install/darkhorse_bringup/lib/python3.10/site-packages/darkhorse_bringup/__init__.py to __init__.cpython-310.pyc
[2.647s] running install_data
[2.647s] copying resource/darkhorse_bringup -> /home/ram_charan/DH_ws/install/darkhorse_bringup/share/ament_index/resource_index/packages
[2.647s] copying package.xml -> /home/ram_charan/DH_ws/install/darkhorse_bringup/share/darkhorse_bringup
[2.648s] copying launch/dbw_only_testing.launch.py -> /home/ram_charan/DH_ws/install/darkhorse_bringup/share/darkhorse_bringup/launch
[2.648s] copying launch/manual_testing.launch.py -> /home/ram_charan/DH_ws/install/darkhorse_bringup/share/darkhorse_bringup/launch
[2.648s] copying launch/radar_test.launch.py -> /home/ram_charan/DH_ws/install/darkhorse_bringup/share/darkhorse_bringup/launch
[2.648s] copying config/joystick_config.yaml -> /home/ram_charan/DH_ws/install/darkhorse_bringup/share/darkhorse_bringup/config
[2.648s] running install_egg_info
[2.650s] Copying ../../build/darkhorse_bringup/darkhorse_bringup.egg-info to /home/ram_charan/DH_ws/install/darkhorse_bringup/lib/python3.10/site-packages/darkhorse_bringup-0.0.0-py3.10.egg-info
[2.651s] running install_scripts
[2.679s] writing list of installed files to '/home/ram_charan/DH_ws/build/darkhorse_bringup/install.log'
[2.711s] Invoked command in '/home/ram_charan/DH_ws/src/darkhorse_bringup' returned '0': PYTHONPATH=/home/ram_charan/DH_ws/build/darkhorse_bringup/prefix_override:/usr/lib/python3/dist-packages/colcon_core/task/python/colcon_distutils_commands:/home/ram_charan/DH_ws/install/darkhorse_bringup/lib/python3.10/site-packages:${PYTHONPATH} /usr/bin/python3 -W ignore:setup.py install is deprecated -W ignore:easy_install command is deprecated setup.py egg_info --egg-base ../../build/darkhorse_bringup build --build-base /home/ram_charan/DH_ws/build/darkhorse_bringup/build install --record /home/ram_charan/DH_ws/build/darkhorse_bringup/install.log --single-version-externally-managed install_data --force
