running egg_info
creating ../build/darkhorse_dbw/darkhorse_dbw.egg-info
writing ../build/darkhorse_dbw/darkhorse_dbw.egg-info/PKG-INFO
writing dependency_links to ../build/darkhorse_dbw/darkhorse_dbw.egg-info/dependency_links.txt
writing entry points to ../build/darkhorse_dbw/darkhorse_dbw.egg-info/entry_points.txt
writing requirements to ../build/darkhorse_dbw/darkhorse_dbw.egg-info/requires.txt
writing top-level names to ../build/darkhorse_dbw/darkhorse_dbw.egg-info/top_level.txt
writing manifest file '../build/darkhorse_dbw/darkhorse_dbw.egg-info/SOURCES.txt'
reading manifest file '../build/darkhorse_dbw/darkhorse_dbw.egg-info/SOURCES.txt'
writing manifest file '../build/darkhorse_dbw/darkhorse_dbw.egg-info/SOURCES.txt'
running build
running build_py
creating /home/ram_charan/DH_ws/src/build/darkhorse_dbw/build
creating /home/ram_charan/DH_ws/src/build/darkhorse_dbw/build/lib
creating /home/ram_charan/DH_ws/src/build/darkhorse_dbw/build/lib/darkhorse_dbw
copying darkhorse_dbw/hal_node.py -> /home/ram_charan/DH_ws/src/build/darkhorse_dbw/build/lib/darkhorse_dbw
copying darkhorse_dbw/__init__.py -> /home/ram_charan/DH_ws/src/build/darkhorse_dbw/build/lib/darkhorse_dbw
running install
running install_lib
creating /home/ram_charan/DH_ws/src/install/darkhorse_dbw/lib/python3.10/site-packages/darkhorse_dbw
copying /home/ram_charan/DH_ws/src/build/darkhorse_dbw/build/lib/darkhorse_dbw/hal_node.py -> /home/ram_charan/DH_ws/src/install/darkhorse_dbw/lib/python3.10/site-packages/darkhorse_dbw
copying /home/ram_charan/DH_ws/src/build/darkhorse_dbw/build/lib/darkhorse_dbw/__init__.py -> /home/ram_charan/DH_ws/src/install/darkhorse_dbw/lib/python3.10/site-packages/darkhorse_dbw
byte-compiling /home/ram_charan/DH_ws/src/install/darkhorse_dbw/lib/python3.10/site-packages/darkhorse_dbw/hal_node.py to hal_node.cpython-310.pyc
byte-compiling /home/ram_charan/DH_ws/src/install/darkhorse_dbw/lib/python3.10/site-packages/darkhorse_dbw/__init__.py to __init__.cpython-310.pyc
running install_data
creating /home/ram_charan/DH_ws/src/install/darkhorse_dbw/share/darkhorse_dbw/config
copying config/Starkenn_Orion_Radar_x_aBAJA.dbc -> /home/ram_charan/DH_ws/src/install/darkhorse_dbw/share/darkhorse_dbw/config
running install_egg_info
Copying ../build/darkhorse_dbw/darkhorse_dbw.egg-info to /home/ram_charan/DH_ws/src/install/darkhorse_dbw/lib/python3.10/site-packages/darkhorse_dbw-0.0.0-py3.10.egg-info
running install_scripts
Installing hal_node script to /home/ram_charan/DH_ws/src/install/darkhorse_dbw/lib/darkhorse_dbw
writing list of installed files to '/home/ram_charan/DH_ws/src/build/darkhorse_dbw/install.log'
