[1.271s] Invoking command in '/home/ram_charan/DH_ws/src/darkhorse_dbw': PYTHONPATH=/home/ram_charan/DH_ws/src/build/darkhorse_dbw/prefix_override:/usr/lib/python3/dist-packages/colcon_core/task/python/colcon_distutils_commands:/home/ram_charan/DH_ws/src/install/darkhorse_dbw/lib/python3.10/site-packages:${PYTHONPATH} /usr/bin/python3 -W ignore:setup.py install is deprecated -W ignore:easy_install command is deprecated setup.py egg_info --egg-base ../build/darkhorse_dbw build --build-base /home/ram_charan/DH_ws/src/build/darkhorse_dbw/build install --record /home/ram_charan/DH_ws/src/build/darkhorse_dbw/install.log --single-version-externally-managed install_data
[1.546s] running egg_info
[1.547s] creating ../build/darkhorse_dbw/darkhorse_dbw.egg-info
[1.547s] writing ../build/darkhorse_dbw/darkhorse_dbw.egg-info/PKG-INFO
[1.548s] writing dependency_links to ../build/darkhorse_dbw/darkhorse_dbw.egg-info/dependency_links.txt
[1.548s] writing entry points to ../build/darkhorse_dbw/darkhorse_dbw.egg-info/entry_points.txt
[1.548s] writing requirements to ../build/darkhorse_dbw/darkhorse_dbw.egg-info/requires.txt
[1.548s] writing top-level names to ../build/darkhorse_dbw/darkhorse_dbw.egg-info/top_level.txt
[1.549s] writing manifest file '../build/darkhorse_dbw/darkhorse_dbw.egg-info/SOURCES.txt'
[1.551s] reading manifest file '../build/darkhorse_dbw/darkhorse_dbw.egg-info/SOURCES.txt'
[1.551s] writing manifest file '../build/darkhorse_dbw/darkhorse_dbw.egg-info/SOURCES.txt'
[1.552s] running build
[1.552s] running build_py
[1.552s] creating /home/ram_charan/DH_ws/src/build/darkhorse_dbw/build
[1.552s] creating /home/ram_charan/DH_ws/src/build/darkhorse_dbw/build/lib
[1.552s] creating /home/ram_charan/DH_ws/src/build/darkhorse_dbw/build/lib/darkhorse_dbw
[1.552s] copying darkhorse_dbw/hal_node.py -> /home/ram_charan/DH_ws/src/build/darkhorse_dbw/build/lib/darkhorse_dbw
[1.552s] copying darkhorse_dbw/__init__.py -> /home/ram_charan/DH_ws/src/build/darkhorse_dbw/build/lib/darkhorse_dbw
[1.552s] running install
[1.553s] running install_lib
[1.554s] creating /home/ram_charan/DH_ws/src/install/darkhorse_dbw/lib/python3.10/site-packages/darkhorse_dbw
[1.554s] copying /home/ram_charan/DH_ws/src/build/darkhorse_dbw/build/lib/darkhorse_dbw/hal_node.py -> /home/ram_charan/DH_ws/src/install/darkhorse_dbw/lib/python3.10/site-packages/darkhorse_dbw
[1.554s] copying /home/ram_charan/DH_ws/src/build/darkhorse_dbw/build/lib/darkhorse_dbw/__init__.py -> /home/ram_charan/DH_ws/src/install/darkhorse_dbw/lib/python3.10/site-packages/darkhorse_dbw
[1.554s] byte-compiling /home/ram_charan/DH_ws/src/install/darkhorse_dbw/lib/python3.10/site-packages/darkhorse_dbw/hal_node.py to hal_node.cpython-310.pyc
[1.557s] byte-compiling /home/ram_charan/DH_ws/src/install/darkhorse_dbw/lib/python3.10/site-packages/darkhorse_dbw/__init__.py to __init__.cpython-310.pyc
[1.557s] running install_data
[1.558s] creating /home/ram_charan/DH_ws/src/install/darkhorse_dbw/share/darkhorse_dbw/config
[1.558s] copying config/Starkenn_Orion_Radar_x_aBAJA.dbc -> /home/ram_charan/DH_ws/src/install/darkhorse_dbw/share/darkhorse_dbw/config
[1.558s] running install_egg_info
[1.560s] Copying ../build/darkhorse_dbw/darkhorse_dbw.egg-info to /home/ram_charan/DH_ws/src/install/darkhorse_dbw/lib/python3.10/site-packages/darkhorse_dbw-0.0.0-py3.10.egg-info
[1.561s] running install_scripts
[1.586s] Installing hal_node script to /home/ram_charan/DH_ws/src/install/darkhorse_dbw/lib/darkhorse_dbw
[1.587s] writing list of installed files to '/home/ram_charan/DH_ws/src/build/darkhorse_dbw/install.log'
[1.630s] Invoked command in '/home/ram_charan/DH_ws/src/darkhorse_dbw' returned '0': PYTHONPATH=/home/ram_charan/DH_ws/src/build/darkhorse_dbw/prefix_override:/usr/lib/python3/dist-packages/colcon_core/task/python/colcon_distutils_commands:/home/ram_charan/DH_ws/src/install/darkhorse_dbw/lib/python3.10/site-packages:${PYTHONPATH} /usr/bin/python3 -W ignore:setup.py install is deprecated -W ignore:easy_install command is deprecated setup.py egg_info --egg-base ../build/darkhorse_dbw build --build-base /home/ram_charan/DH_ws/src/build/darkhorse_dbw/build install --record /home/ram_charan/DH_ws/src/build/darkhorse_dbw/install.log --single-version-externally-managed install_data
