running develop
Removing /home/ram_charan/DH_ws/install/darkhorse_bringup/lib/python3.10/site-packages/darkhorse-bringup.egg-link (link to .)
running egg_info
writing ../../build/darkhorse_bringup/darkhorse_bringup.egg-info/PKG-INFO
writing dependency_links to ../../build/darkhorse_bringup/darkhorse_bringup.egg-info/dependency_links.txt
writing entry points to ../../build/darkhorse_bringup/darkhorse_bringup.egg-info/entry_points.txt
writing requirements to ../../build/darkhorse_bringup/darkhorse_bringup.egg-info/requires.txt
writing top-level names to ../../build/darkhorse_bringup/darkhorse_bringup.egg-info/top_level.txt
reading manifest file '../../build/darkhorse_bringup/darkhorse_bringup.egg-info/SOURCES.txt'
writing manifest file '../../build/darkhorse_bringup/darkhorse_bringup.egg-info/SOURCES.txt'
running build
running build_py
creating /home/ram_charan/DH_ws/build/darkhorse_bringup/build
creating /home/ram_charan/DH_ws/build/darkhorse_bringup/build/lib
creating /home/ram_charan/DH_ws/build/darkhorse_bringup/build/lib/darkhorse_bringup
copying darkhorse_bringup/__init__.py -> /home/ram_charan/DH_ws/build/darkhorse_bringup/build/lib/darkhorse_bringup
running install
running install_lib
creating /home/ram_charan/DH_ws/install/darkhorse_bringup/lib/python3.10/site-packages/darkhorse_bringup
copying /home/ram_charan/DH_ws/build/darkhorse_bringup/build/lib/darkhorse_bringup/__init__.py -> /home/ram_charan/DH_ws/install/darkhorse_bringup/lib/python3.10/site-packages/darkhorse_bringup
byte-compiling /home/ram_charan/DH_ws/install/darkhorse_bringup/lib/python3.10/site-packages/darkhorse_bringup/__init__.py to __init__.cpython-310.pyc
running install_data
copying resource/darkhorse_bringup -> /home/ram_charan/DH_ws/install/darkhorse_bringup/share/ament_index/resource_index/packages
copying package.xml -> /home/ram_charan/DH_ws/install/darkhorse_bringup/share/darkhorse_bringup
copying launch/dbw_only_testing.launch.py -> /home/ram_charan/DH_ws/install/darkhorse_bringup/share/darkhorse_bringup/launch
copying launch/manual_testing.launch.py -> /home/ram_charan/DH_ws/install/darkhorse_bringup/share/darkhorse_bringup/launch
copying launch/radar_test.launch.py -> /home/ram_charan/DH_ws/install/darkhorse_bringup/share/darkhorse_bringup/launch
copying config/joystick_config.yaml -> /home/ram_charan/DH_ws/install/darkhorse_bringup/share/darkhorse_bringup/config
running install_egg_info
Copying ../../build/darkhorse_bringup/darkhorse_bringup.egg-info to /home/ram_charan/DH_ws/install/darkhorse_bringup/lib/python3.10/site-packages/darkhorse_bringup-0.0.0-py3.10.egg-info
running install_scripts
writing list of installed files to '/home/ram_charan/DH_ws/build/darkhorse_bringup/install.log'
