[1.828s] Invoking command in '/home/ram_charan/DH_ws/build/darkhorse_control': PYTHONPATH=/home/ram_charan/DH_ws/build/darkhorse_control/prefix_override:/usr/lib/python3/dist-packages/colcon_core/task/python/colcon_distutils_commands:/home/ram_charan/DH_ws/install/darkhorse_control/lib/python3.10/site-packages:${PYTHONPATH} /usr/bin/python3 -W ignore:setup.py install is deprecated -W ignore:easy_install command is deprecated setup.py develop --editable --build-directory /home/ram_charan/DH_ws/build/darkhorse_control/build --no-deps symlink_data --force
[2.212s] running develop
[2.482s] running egg_info
[2.482s] writing darkhorse_control.egg-info/PKG-INFO
[2.482s] writing dependency_links to darkhorse_control.egg-info/dependency_links.txt
[2.482s] writing entry points to darkhorse_control.egg-info/entry_points.txt
[2.482s] writing requirements to darkhorse_control.egg-info/requires.txt
[2.483s] writing top-level names to darkhorse_control.egg-info/top_level.txt
[2.486s] reading manifest file 'darkhorse_control.egg-info/SOURCES.txt'
[2.491s] writing manifest file 'darkhorse_control.egg-info/SOURCES.txt'
[2.493s] running build_ext
[2.493s] Creating /home/ram_charan/DH_ws/install/darkhorse_control/lib/python3.10/site-packages/darkhorse-control.egg-link (link to .)
[2.494s] Installing acc_node script to /home/ram_charan/DH_ws/install/darkhorse_control/lib/darkhorse_control
[2.494s] Installing aeb_controller script to /home/ram_charan/DH_ws/install/darkhorse_control/lib/darkhorse_control
[2.494s] Installing aeb_node script to /home/ram_charan/DH_ws/install/darkhorse_control/lib/darkhorse_control
[2.495s] Installing fake_speed_publisher script to /home/ram_charan/DH_ws/install/darkhorse_control/lib/darkhorse_control
[2.495s] Installing joy_bridge script to /home/ram_charan/DH_ws/install/darkhorse_control/lib/darkhorse_control
[2.495s] Installing lka_node script to /home/ram_charan/DH_ws/install/darkhorse_control/lib/darkhorse_control
[2.495s] Installing mission_control_node script to /home/ram_charan/DH_ws/install/darkhorse_control/lib/darkhorse_control
[2.495s] 
[2.495s] Installed /home/ram_charan/DH_ws/build/darkhorse_control
[2.496s] running symlink_data
[2.498s] symbolically linking /home/ram_charan/DH_ws/build/darkhorse_control/resource/darkhorse_control -> /home/ram_charan/DH_ws/install/darkhorse_control/share/ament_index/resource_index/packages
[2.498s] symbolically linking /home/ram_charan/DH_ws/build/darkhorse_control/package.xml -> /home/ram_charan/DH_ws/install/darkhorse_control/share/darkhorse_control
[2.498s] symbolically linking /home/ram_charan/DH_ws/build/darkhorse_control/launch/lka.launch.py -> /home/ram_charan/DH_ws/install/darkhorse_control/share/darkhorse_control/launch
[2.553s] Invoked command in '/home/ram_charan/DH_ws/build/darkhorse_control' returned '0': PYTHONPATH=/home/ram_charan/DH_ws/build/darkhorse_control/prefix_override:/usr/lib/python3/dist-packages/colcon_core/task/python/colcon_distutils_commands:/home/ram_charan/DH_ws/install/darkhorse_control/lib/python3.10/site-packages:${PYTHONPATH} /usr/bin/python3 -W ignore:setup.py install is deprecated -W ignore:easy_install command is deprecated setup.py develop --editable --build-directory /home/ram_charan/DH_ws/build/darkhorse_control/build --no-deps symlink_data --force
