running develop
Removing /home/ram_charan/DH_ws/install/darkhorse_control/lib/python3.10/site-packages/darkhorse-control.egg-link (link to .)
running egg_info
writing ../../build/darkhorse_control/darkhorse_control.egg-info/PKG-INFO
writing dependency_links to ../../build/darkhorse_control/darkhorse_control.egg-info/dependency_links.txt
writing entry points to ../../build/darkhorse_control/darkhorse_control.egg-info/entry_points.txt
writing requirements to ../../build/darkhorse_control/darkhorse_control.egg-info/requires.txt
writing top-level names to ../../build/darkhorse_control/darkhorse_control.egg-info/top_level.txt
reading manifest file '../../build/darkhorse_control/darkhorse_control.egg-info/SOURCES.txt'
writing manifest file '../../build/darkhorse_control/darkhorse_control.egg-info/SOURCES.txt'
running build
running build_py
creating /home/ram_charan/DH_ws/build/darkhorse_control/build
creating /home/ram_charan/DH_ws/build/darkhorse_control/build/lib
creating /home/ram_charan/DH_ws/build/darkhorse_control/build/lib/darkhorse_control
copying darkhorse_control/aeb_controller.py -> /home/ram_charan/DH_ws/build/darkhorse_control/build/lib/darkhorse_control
copying darkhorse_control/fake_speed_publisher.py -> /home/ram_charan/DH_ws/build/darkhorse_control/build/lib/darkhorse_control
copying darkhorse_control/aeb_node.py -> /home/ram_charan/DH_ws/build/darkhorse_control/build/lib/darkhorse_control
copying darkhorse_control/__init__.py -> /home/ram_charan/DH_ws/build/darkhorse_control/build/lib/darkhorse_control
copying darkhorse_control/joy_bridge.py -> /home/ram_charan/DH_ws/build/darkhorse_control/build/lib/darkhorse_control
running install
running install_lib
creating /home/ram_charan/DH_ws/install/darkhorse_control/lib/python3.10/site-packages/darkhorse_control
copying /home/ram_charan/DH_ws/build/darkhorse_control/build/lib/darkhorse_control/aeb_controller.py -> /home/ram_charan/DH_ws/install/darkhorse_control/lib/python3.10/site-packages/darkhorse_control
copying /home/ram_charan/DH_ws/build/darkhorse_control/build/lib/darkhorse_control/fake_speed_publisher.py -> /home/ram_charan/DH_ws/install/darkhorse_control/lib/python3.10/site-packages/darkhorse_control
copying /home/ram_charan/DH_ws/build/darkhorse_control/build/lib/darkhorse_control/aeb_node.py -> /home/ram_charan/DH_ws/install/darkhorse_control/lib/python3.10/site-packages/darkhorse_control
copying /home/ram_charan/DH_ws/build/darkhorse_control/build/lib/darkhorse_control/__init__.py -> /home/ram_charan/DH_ws/install/darkhorse_control/lib/python3.10/site-packages/darkhorse_control
copying /home/ram_charan/DH_ws/build/darkhorse_control/build/lib/darkhorse_control/joy_bridge.py -> /home/ram_charan/DH_ws/install/darkhorse_control/lib/python3.10/site-packages/darkhorse_control
byte-compiling /home/ram_charan/DH_ws/install/darkhorse_control/lib/python3.10/site-packages/darkhorse_control/aeb_controller.py to aeb_controller.cpython-310.pyc
byte-compiling /home/ram_charan/DH_ws/install/darkhorse_control/lib/python3.10/site-packages/darkhorse_control/fake_speed_publisher.py to fake_speed_publisher.cpython-310.pyc
byte-compiling /home/ram_charan/DH_ws/install/darkhorse_control/lib/python3.10/site-packages/darkhorse_control/aeb_node.py to aeb_node.cpython-310.pyc
byte-compiling /home/ram_charan/DH_ws/install/darkhorse_control/lib/python3.10/site-packages/darkhorse_control/__init__.py to __init__.cpython-310.pyc
byte-compiling /home/ram_charan/DH_ws/install/darkhorse_control/lib/python3.10/site-packages/darkhorse_control/joy_bridge.py to joy_bridge.cpython-310.pyc
running install_data
copying resource/darkhorse_control -> /home/ram_charan/DH_ws/install/darkhorse_control/share/ament_index/resource_index/packages
copying package.xml -> /home/ram_charan/DH_ws/install/darkhorse_control/share/darkhorse_control
running install_egg_info
Copying ../../build/darkhorse_control/darkhorse_control.egg-info to /home/ram_charan/DH_ws/install/darkhorse_control/lib/python3.10/site-packages/darkhorse_control-0.0.0-py3.10.egg-info
running install_scripts
Installing acc_node script to /home/ram_charan/DH_ws/install/darkhorse_control/lib/darkhorse_control
Installing aeb_controller script to /home/ram_charan/DH_ws/install/darkhorse_control/lib/darkhorse_control
Installing aeb_node script to /home/ram_charan/DH_ws/install/darkhorse_control/lib/darkhorse_control
Installing fake_speed_publisher script to /home/ram_charan/DH_ws/install/darkhorse_control/lib/darkhorse_control
Installing joy_bridge script to /home/ram_charan/DH_ws/install/darkhorse_control/lib/darkhorse_control
Installing mission_control_node script to /home/ram_charan/DH_ws/install/darkhorse_control/lib/darkhorse_control
writing list of installed files to '/home/ram_charan/DH_ws/build/darkhorse_control/install.log'
