[1.285s] Invoking command in '/home/ram_charan/DH_ws/build/darkhorse_control': PYTHONPATH=/home/ram_charan/DH_ws/build/darkhorse_control/prefix_override:/usr/lib/python3/dist-packages/colcon_core/task/python/colcon_distutils_commands:/home/ram_charan/DH_ws/install/darkhorse_control/lib/python3.10/site-packages:${PYTHONPATH} /usr/bin/python3 -W ignore:setup.py install is deprecated -W ignore:easy_install command is deprecated setup.py develop --uninstall --editable --build-directory /home/ram_charan/DH_ws/build/darkhorse_control/build
[1.589s] running develop
[1.777s] Removing /home/ram_charan/DH_ws/install/darkhorse_control/lib/python3.10/site-packages/darkhorse-control.egg-link (link to .)
[1.810s] Invoked command in '/home/ram_charan/DH_ws/build/darkhorse_control' returned '0': PYTHONPATH=/home/ram_charan/DH_ws/build/darkhorse_control/prefix_override:/usr/lib/python3/dist-packages/colcon_core/task/python/colcon_distutils_commands:/home/ram_charan/DH_ws/install/darkhorse_control/lib/python3.10/site-packages:${PYTHONPATH} /usr/bin/python3 -W ignore:setup.py install is deprecated -W ignore:easy_install command is deprecated setup.py develop --uninstall --editable --build-directory /home/ram_charan/DH_ws/build/darkhorse_control/build
[1.811s] Invoking command in '/home/ram_charan/DH_ws/src/darkhorse_control': PYTHONPATH=/home/ram_charan/DH_ws/build/darkhorse_control/prefix_override:/usr/lib/python3/dist-packages/colcon_core/task/python/colcon_distutils_commands:/home/ram_charan/DH_ws/install/darkhorse_control/lib/python3.10/site-packages:${PYTHONPATH} /usr/bin/python3 -W ignore:setup.py install is deprecated -W ignore:easy_install command is deprecated setup.py egg_info --egg-base ../../build/darkhorse_control build --build-base /home/ram_charan/DH_ws/build/darkhorse_control/build install --record /home/ram_charan/DH_ws/build/darkhorse_control/install.log --single-version-externally-managed install_data --force
[2.097s] running egg_info
[2.098s] writing ../../build/darkhorse_control/darkhorse_control.egg-info/PKG-INFO
[2.098s] writing dependency_links to ../../build/darkhorse_control/darkhorse_control.egg-info/dependency_links.txt
[2.098s] writing entry points to ../../build/darkhorse_control/darkhorse_control.egg-info/entry_points.txt
[2.098s] writing requirements to ../../build/darkhorse_control/darkhorse_control.egg-info/requires.txt
[2.098s] writing top-level names to ../../build/darkhorse_control/darkhorse_control.egg-info/top_level.txt
[2.101s] reading manifest file '../../build/darkhorse_control/darkhorse_control.egg-info/SOURCES.txt'
[2.102s] writing manifest file '../../build/darkhorse_control/darkhorse_control.egg-info/SOURCES.txt'
[2.102s] running build
[2.102s] running build_py
[2.102s] creating /home/ram_charan/DH_ws/build/darkhorse_control/build
[2.102s] creating /home/ram_charan/DH_ws/build/darkhorse_control/build/lib
[2.102s] creating /home/ram_charan/DH_ws/build/darkhorse_control/build/lib/darkhorse_control
[2.103s] copying darkhorse_control/aeb_controller.py -> /home/ram_charan/DH_ws/build/darkhorse_control/build/lib/darkhorse_control
[2.103s] copying darkhorse_control/fake_speed_publisher.py -> /home/ram_charan/DH_ws/build/darkhorse_control/build/lib/darkhorse_control
[2.103s] copying darkhorse_control/aeb_node.py -> /home/ram_charan/DH_ws/build/darkhorse_control/build/lib/darkhorse_control
[2.103s] copying darkhorse_control/__init__.py -> /home/ram_charan/DH_ws/build/darkhorse_control/build/lib/darkhorse_control
[2.103s] copying darkhorse_control/joy_bridge.py -> /home/ram_charan/DH_ws/build/darkhorse_control/build/lib/darkhorse_control
[2.104s] running install
[2.104s] running install_lib
[2.105s] creating /home/ram_charan/DH_ws/install/darkhorse_control/lib/python3.10/site-packages/darkhorse_control
[2.105s] copying /home/ram_charan/DH_ws/build/darkhorse_control/build/lib/darkhorse_control/aeb_controller.py -> /home/ram_charan/DH_ws/install/darkhorse_control/lib/python3.10/site-packages/darkhorse_control
[2.105s] copying /home/ram_charan/DH_ws/build/darkhorse_control/build/lib/darkhorse_control/fake_speed_publisher.py -> /home/ram_charan/DH_ws/install/darkhorse_control/lib/python3.10/site-packages/darkhorse_control
[2.105s] copying /home/ram_charan/DH_ws/build/darkhorse_control/build/lib/darkhorse_control/aeb_node.py -> /home/ram_charan/DH_ws/install/darkhorse_control/lib/python3.10/site-packages/darkhorse_control
[2.105s] copying /home/ram_charan/DH_ws/build/darkhorse_control/build/lib/darkhorse_control/__init__.py -> /home/ram_charan/DH_ws/install/darkhorse_control/lib/python3.10/site-packages/darkhorse_control
[2.105s] copying /home/ram_charan/DH_ws/build/darkhorse_control/build/lib/darkhorse_control/joy_bridge.py -> /home/ram_charan/DH_ws/install/darkhorse_control/lib/python3.10/site-packages/darkhorse_control
[2.106s] byte-compiling /home/ram_charan/DH_ws/install/darkhorse_control/lib/python3.10/site-packages/darkhorse_control/aeb_controller.py to aeb_controller.cpython-310.pyc
[2.109s] byte-compiling /home/ram_charan/DH_ws/install/darkhorse_control/lib/python3.10/site-packages/darkhorse_control/fake_speed_publisher.py to fake_speed_publisher.cpython-310.pyc
[2.110s] byte-compiling /home/ram_charan/DH_ws/install/darkhorse_control/lib/python3.10/site-packages/darkhorse_control/aeb_node.py to aeb_node.cpython-310.pyc
[2.110s] byte-compiling /home/ram_charan/DH_ws/install/darkhorse_control/lib/python3.10/site-packages/darkhorse_control/__init__.py to __init__.cpython-310.pyc
[2.110s] byte-compiling /home/ram_charan/DH_ws/install/darkhorse_control/lib/python3.10/site-packages/darkhorse_control/joy_bridge.py to joy_bridge.cpython-310.pyc
[2.111s] running install_data
[2.111s] copying resource/darkhorse_control -> /home/ram_charan/DH_ws/install/darkhorse_control/share/ament_index/resource_index/packages
[2.111s] copying package.xml -> /home/ram_charan/DH_ws/install/darkhorse_control/share/darkhorse_control
[2.112s] running install_egg_info
[2.115s] Copying ../../build/darkhorse_control/darkhorse_control.egg-info to /home/ram_charan/DH_ws/install/darkhorse_control/lib/python3.10/site-packages/darkhorse_control-0.0.0-py3.10.egg-info
[2.116s] running install_scripts
[2.142s] Installing acc_node script to /home/ram_charan/DH_ws/install/darkhorse_control/lib/darkhorse_control
[2.142s] Installing aeb_controller script to /home/ram_charan/DH_ws/install/darkhorse_control/lib/darkhorse_control
[2.142s] Installing aeb_node script to /home/ram_charan/DH_ws/install/darkhorse_control/lib/darkhorse_control
[2.142s] Installing fake_speed_publisher script to /home/ram_charan/DH_ws/install/darkhorse_control/lib/darkhorse_control
[2.143s] Installing joy_bridge script to /home/ram_charan/DH_ws/install/darkhorse_control/lib/darkhorse_control
[2.143s] Installing mission_control_node script to /home/ram_charan/DH_ws/install/darkhorse_control/lib/darkhorse_control
[2.143s] writing list of installed files to '/home/ram_charan/DH_ws/build/darkhorse_control/install.log'
[2.171s] Invoked command in '/home/ram_charan/DH_ws/src/darkhorse_control' returned '0': PYTHONPATH=/home/ram_charan/DH_ws/build/darkhorse_control/prefix_override:/usr/lib/python3/dist-packages/colcon_core/task/python/colcon_distutils_commands:/home/ram_charan/DH_ws/install/darkhorse_control/lib/python3.10/site-packages:${PYTHONPATH} /usr/bin/python3 -W ignore:setup.py install is deprecated -W ignore:easy_install command is deprecated setup.py egg_info --egg-base ../../build/darkhorse_control build --build-base /home/ram_charan/DH_ws/build/darkhorse_control/build install --record /home/ram_charan/DH_ws/build/darkhorse_control/install.log --single-version-externally-managed install_data --force
