[1.327s] Invoking command in '/home/ram_charan/DH_ws/src/darkhorse_perception': PYTHONPATH=/home/ram_charan/DH_ws/build/darkhorse_perception/prefix_override:/usr/lib/python3/dist-packages/colcon_core/task/python/colcon_distutils_commands:/home/ram_charan/DH_ws/install/darkhorse_perception/lib/python3.10/site-packages:${PYTHONPATH} /usr/bin/python3 -W ignore:setup.py install is deprecated -W ignore:easy_install command is deprecated setup.py egg_info --egg-base ../../build/darkhorse_perception build --build-base /home/ram_charan/DH_ws/build/darkhorse_perception/build install --record /home/ram_charan/DH_ws/build/darkhorse_perception/install.log --single-version-externally-managed install_data
[1.616s] running egg_info
[1.617s] writing ../../build/darkhorse_perception/darkhorse_perception.egg-info/PKG-INFO
[1.617s] writing dependency_links to ../../build/darkhorse_perception/darkhorse_perception.egg-info/dependency_links.txt
[1.617s] writing entry points to ../../build/darkhorse_perception/darkhorse_perception.egg-info/entry_points.txt
[1.618s] writing requirements to ../../build/darkhorse_perception/darkhorse_perception.egg-info/requires.txt
[1.618s] writing top-level names to ../../build/darkhorse_perception/darkhorse_perception.egg-info/top_level.txt
[1.621s] reading manifest file '../../build/darkhorse_perception/darkhorse_perception.egg-info/SOURCES.txt'
[1.623s] writing manifest file '../../build/darkhorse_perception/darkhorse_perception.egg-info/SOURCES.txt'
[1.623s] running build
[1.624s] running build_py
[1.624s] running install
[1.624s] running install_lib
[1.626s] running install_data
[1.628s] running install_egg_info
[1.630s] removing '/home/ram_charan/DH_ws/install/darkhorse_perception/lib/python3.10/site-packages/darkhorse_perception-0.0.1-py3.10.egg-info' (and everything under it)
[1.630s] Copying ../../build/darkhorse_perception/darkhorse_perception.egg-info to /home/ram_charan/DH_ws/install/darkhorse_perception/lib/python3.10/site-packages/darkhorse_perception-0.0.1-py3.10.egg-info
[1.631s] running install_scripts
[1.657s] Installing camera_node script to /home/ram_charan/DH_ws/install/darkhorse_perception/lib/darkhorse_perception
[1.657s] Installing radar_rx_node script to /home/ram_charan/DH_ws/install/darkhorse_perception/lib/darkhorse_perception
[1.657s] Installing radar_visualizer script to /home/ram_charan/DH_ws/install/darkhorse_perception/lib/darkhorse_perception
[1.657s] Installing vehicle_speed_node script to /home/ram_charan/DH_ws/install/darkhorse_perception/lib/darkhorse_perception
[1.658s] writing list of installed files to '/home/ram_charan/DH_ws/build/darkhorse_perception/install.log'
[1.712s] Invoked command in '/home/ram_charan/DH_ws/src/darkhorse_perception' returned '0': PYTHONPATH=/home/ram_charan/DH_ws/build/darkhorse_perception/prefix_override:/usr/lib/python3/dist-packages/colcon_core/task/python/colcon_distutils_commands:/home/ram_charan/DH_ws/install/darkhorse_perception/lib/python3.10/site-packages:${PYTHONPATH} /usr/bin/python3 -W ignore:setup.py install is deprecated -W ignore:easy_install command is deprecated setup.py egg_info --egg-base ../../build/darkhorse_perception build --build-base /home/ram_charan/DH_ws/build/darkhorse_perception/build install --record /home/ram_charan/DH_ws/build/darkhorse_perception/install.log --single-version-externally-managed install_data
