[0.905s] Invoking command in '/home/ram_charan/DH_ws/src/darkhorse_bringup': PYTHONPATH=/home/ram_charan/DH_ws/build/darkhorse_bringup/prefix_override:/usr/lib/python3/dist-packages/colcon_core/task/python/colcon_distutils_commands:/home/ram_charan/DH_ws/install/darkhorse_bringup/lib/python3.10/site-packages:${PYTHONPATH} /usr/bin/python3 -W ignore:setup.py install is deprecated -W ignore:easy_install command is deprecated setup.py egg_info --egg-base ../../build/darkhorse_bringup build --build-base /home/ram_charan/DH_ws/build/darkhorse_bringup/build install --record /home/ram_charan/DH_ws/build/darkhorse_bringup/install.log --single-version-externally-managed install_data
[1.064s] running egg_info
[1.064s] writing ../../build/darkhorse_bringup/darkhorse_bringup.egg-info/PKG-INFO
[1.065s] writing dependency_links to ../../build/darkhorse_bringup/darkhorse_bringup.egg-info/dependency_links.txt
[1.065s] writing entry points to ../../build/darkhorse_bringup/darkhorse_bringup.egg-info/entry_points.txt
[1.065s] writing requirements to ../../build/darkhorse_bringup/darkhorse_bringup.egg-info/requires.txt
[1.065s] writing top-level names to ../../build/darkhorse_bringup/darkhorse_bringup.egg-info/top_level.txt
[1.066s] reading manifest file '../../build/darkhorse_bringup/darkhorse_bringup.egg-info/SOURCES.txt'
[1.066s] writing manifest file '../../build/darkhorse_bringup/darkhorse_bringup.egg-info/SOURCES.txt'
[1.067s] running build
[1.067s] running build_py
[1.067s] running install
[1.067s] running install_lib
[1.068s] running install_data
[1.068s] running install_egg_info
[1.069s] removing '/home/ram_charan/DH_ws/install/darkhorse_bringup/lib/python3.10/site-packages/darkhorse_bringup-0.0.0-py3.10.egg-info' (and everything under it)
[1.069s] Copying ../../build/darkhorse_bringup/darkhorse_bringup.egg-info to /home/ram_charan/DH_ws/install/darkhorse_bringup/lib/python3.10/site-packages/darkhorse_bringup-0.0.0-py3.10.egg-info
[1.070s] running install_scripts
[1.084s] writing list of installed files to '/home/ram_charan/DH_ws/build/darkhorse_bringup/install.log'
[1.103s] Invoked command in '/home/ram_charan/DH_ws/src/darkhorse_bringup' returned '0': PYTHONPATH=/home/ram_charan/DH_ws/build/darkhorse_bringup/prefix_override:/usr/lib/python3/dist-packages/colcon_core/task/python/colcon_distutils_commands:/home/ram_charan/DH_ws/install/darkhorse_bringup/lib/python3.10/site-packages:${PYTHONPATH} /usr/bin/python3 -W ignore:setup.py install is deprecated -W ignore:easy_install command is deprecated setup.py egg_info --egg-base ../../build/darkhorse_bringup build --build-base /home/ram_charan/DH_ws/build/darkhorse_bringup/build install --record /home/ram_charan/DH_ws/build/darkhorse_bringup/install.log --single-version-externally-managed install_data
