[1.654s] Invoking command in '/home/ram_charan/DH_ws/build/darkhorse_perception': PYTHONPATH=/home/ram_charan/DH_ws/build/darkhorse_perception/prefix_override:/usr/lib/python3/dist-packages/colcon_core/task/python/colcon_distutils_commands:/home/ram_charan/DH_ws/install/darkhorse_perception/lib/python3.10/site-packages:${PYTHONPATH} /usr/bin/python3 -W ignore:setup.py install is deprecated -W ignore:easy_install command is deprecated setup.py develop --uninstall --editable --build-directory /home/ram_charan/DH_ws/build/darkhorse_perception/build
[1.989s] running develop
[2.225s] Removing /home/ram_charan/DH_ws/install/darkhorse_perception/lib/python3.10/site-packages/darkhorse-perception.egg-link (link to .)
[2.255s] Invoked command in '/home/ram_charan/DH_ws/build/darkhorse_perception' returned '0': PYTHONPATH=/home/ram_charan/DH_ws/build/darkhorse_perception/prefix_override:/usr/lib/python3/dist-packages/colcon_core/task/python/colcon_distutils_commands:/home/ram_charan/DH_ws/install/darkhorse_perception/lib/python3.10/site-packages:${PYTHONPATH} /usr/bin/python3 -W ignore:setup.py install is deprecated -W ignore:easy_install command is deprecated setup.py develop --uninstall --editable --build-directory /home/ram_charan/DH_ws/build/darkhorse_perception/build
[2.256s] Invoking command in '/home/ram_charan/DH_ws/src/darkhorse_perception': PYTHONPATH=/home/ram_charan/DH_ws/build/darkhorse_perception/prefix_override:/usr/lib/python3/dist-packages/colcon_core/task/python/colcon_distutils_commands:/home/ram_charan/DH_ws/install/darkhorse_perception/lib/python3.10/site-packages:${PYTHONPATH} /usr/bin/python3 -W ignore:setup.py install is deprecated -W ignore:easy_install command is deprecated setup.py egg_info --egg-base ../../build/darkhorse_perception build --build-base /home/ram_charan/DH_ws/build/darkhorse_perception/build install --record /home/ram_charan/DH_ws/build/darkhorse_perception/install.log --single-version-externally-managed install_data --force
[2.579s] running egg_info
[2.580s] writing ../../build/darkhorse_perception/darkhorse_perception.egg-info/PKG-INFO
[2.581s] writing dependency_links to ../../build/darkhorse_perception/darkhorse_perception.egg-info/dependency_links.txt
[2.581s] writing entry points to ../../build/darkhorse_perception/darkhorse_perception.egg-info/entry_points.txt
[2.581s] writing requirements to ../../build/darkhorse_perception/darkhorse_perception.egg-info/requires.txt
[2.581s] writing top-level names to ../../build/darkhorse_perception/darkhorse_perception.egg-info/top_level.txt
[2.584s] reading manifest file '../../build/darkhorse_perception/darkhorse_perception.egg-info/SOURCES.txt'
[2.586s] writing manifest file '../../build/darkhorse_perception/darkhorse_perception.egg-info/SOURCES.txt'
[2.586s] running build
[2.586s] running build_py
[2.586s] running install
[2.586s] running install_lib
[2.588s] creating /home/ram_charan/DH_ws/install/darkhorse_perception/lib/python3.10/site-packages/darkhorse_perception
[2.588s] copying /home/ram_charan/DH_ws/build/darkhorse_perception/build/lib/darkhorse_perception/radar_rx_node.py -> /home/ram_charan/DH_ws/install/darkhorse_perception/lib/python3.10/site-packages/darkhorse_perception
[2.588s] copying /home/ram_charan/DH_ws/build/darkhorse_perception/build/lib/darkhorse_perception/radar_visualizer.py -> /home/ram_charan/DH_ws/install/darkhorse_perception/lib/python3.10/site-packages/darkhorse_perception
[2.588s] copying /home/ram_charan/DH_ws/build/darkhorse_perception/build/lib/darkhorse_perception/camera_node.py -> /home/ram_charan/DH_ws/install/darkhorse_perception/lib/python3.10/site-packages/darkhorse_perception
[2.588s] copying /home/ram_charan/DH_ws/build/darkhorse_perception/build/lib/darkhorse_perception/__init__.py -> /home/ram_charan/DH_ws/install/darkhorse_perception/lib/python3.10/site-packages/darkhorse_perception
[2.588s] copying /home/ram_charan/DH_ws/build/darkhorse_perception/build/lib/darkhorse_perception/camera_perception_node.py -> /home/ram_charan/DH_ws/install/darkhorse_perception/lib/python3.10/site-packages/darkhorse_perception
[2.589s] byte-compiling /home/ram_charan/DH_ws/install/darkhorse_perception/lib/python3.10/site-packages/darkhorse_perception/radar_rx_node.py to radar_rx_node.cpython-310.pyc
[2.592s] byte-compiling /home/ram_charan/DH_ws/install/darkhorse_perception/lib/python3.10/site-packages/darkhorse_perception/radar_visualizer.py to radar_visualizer.cpython-310.pyc
[2.593s] byte-compiling /home/ram_charan/DH_ws/install/darkhorse_perception/lib/python3.10/site-packages/darkhorse_perception/camera_node.py to camera_node.cpython-310.pyc
[2.596s] byte-compiling /home/ram_charan/DH_ws/install/darkhorse_perception/lib/python3.10/site-packages/darkhorse_perception/__init__.py to __init__.cpython-310.pyc
[2.596s] byte-compiling /home/ram_charan/DH_ws/install/darkhorse_perception/lib/python3.10/site-packages/darkhorse_perception/camera_perception_node.py to camera_perception_node.cpython-310.pyc
[2.597s] running install_data
[2.597s] copying resource/darkhorse_perception -> /home/ram_charan/DH_ws/install/darkhorse_perception/share/ament_index/resource_index/packages
[2.597s] copying package.xml -> /home/ram_charan/DH_ws/install/darkhorse_perception/share/darkhorse_perception
[2.597s] copying launch/radar_min.launch.py -> /home/ram_charan/DH_ws/install/darkhorse_perception/share/darkhorse_perception/launch
[2.597s] copying launch/camera_perception.launch.py -> /home/ram_charan/DH_ws/install/darkhorse_perception/share/darkhorse_perception/launch
[2.597s] copying launch/radar_viz.launch.py -> /home/ram_charan/DH_ws/install/darkhorse_perception/share/darkhorse_perception/launch
[2.597s] copying config/radar.yaml -> /home/ram_charan/DH_ws/install/darkhorse_perception/share/darkhorse_perception/config
[2.597s] copying config/camera_params.yaml -> /home/ram_charan/DH_ws/install/darkhorse_perception/share/darkhorse_perception/config
[2.598s] copying rviz/radar.rviz -> /home/ram_charan/DH_ws/install/darkhorse_perception/share/darkhorse_perception/rviz
[2.598s] copying models/ts_yolov8n.onnx -> /home/ram_charan/DH_ws/install/darkhorse_perception/share/darkhorse_perception/models
[2.608s] copying models/tl_yolov8n.onnx -> /home/ram_charan/DH_ws/install/darkhorse_perception/share/darkhorse_perception/models
[2.619s] copying models/my_traffic_model.pt -> /home/ram_charan/DH_ws/install/darkhorse_perception/share/darkhorse_perception/models
[2.625s] copying models/yolov8n.pt -> /home/ram_charan/DH_ws/install/darkhorse_perception/share/darkhorse_perception/models
[2.630s] copying models/sign_labels.txt -> /home/ram_charan/DH_ws/install/darkhorse_perception/share/darkhorse_perception/models
[2.630s] running install_egg_info
[2.633s] Copying ../../build/darkhorse_perception/darkhorse_perception.egg-info to /home/ram_charan/DH_ws/install/darkhorse_perception/lib/python3.10/site-packages/darkhorse_perception-0.0.1-py3.10.egg-info
[2.634s] running install_scripts
[2.662s] Installing camera_node script to /home/ram_charan/DH_ws/install/darkhorse_perception/lib/darkhorse_perception
[2.662s] Installing radar_rx_node script to /home/ram_charan/DH_ws/install/darkhorse_perception/lib/darkhorse_perception
[2.662s] Installing radar_visualizer script to /home/ram_charan/DH_ws/install/darkhorse_perception/lib/darkhorse_perception
[2.662s] writing list of installed files to '/home/ram_charan/DH_ws/build/darkhorse_perception/install.log'
[2.696s] Invoked command in '/home/ram_charan/DH_ws/src/darkhorse_perception' returned '0': PYTHONPATH=/home/ram_charan/DH_ws/build/darkhorse_perception/prefix_override:/usr/lib/python3/dist-packages/colcon_core/task/python/colcon_distutils_commands:/home/ram_charan/DH_ws/install/darkhorse_perception/lib/python3.10/site-packages:${PYTHONPATH} /usr/bin/python3 -W ignore:setup.py install is deprecated -W ignore:easy_install command is deprecated setup.py egg_info --egg-base ../../build/darkhorse_perception build --build-base /home/ram_charan/DH_ws/build/darkhorse_perception/build install --record /home/ram_charan/DH_ws/build/darkhorse_perception/install.log --single-version-externally-managed install_data --force
