[1.782s] Invoking command in '/home/ram_charan/DH_ws/src/darkhorse_dbw': PYTHONPATH=/home/ram_charan/DH_ws/build/darkhorse_dbw/prefix_override:/usr/lib/python3/dist-packages/colcon_core/task/python/colcon_distutils_commands:/home/ram_charan/DH_ws/install/darkhorse_dbw/lib/python3.10/site-packages:${PYTHONPATH} /usr/bin/python3 -W ignore:setup.py install is deprecated -W ignore:easy_install command is deprecated setup.py egg_info --egg-base ../../build/darkhorse_dbw build --build-base /home/ram_charan/DH_ws/build/darkhorse_dbw/build install --record /home/ram_charan/DH_ws/build/darkhorse_dbw/install.log --single-version-externally-managed install_data
[2.119s] running egg_info
[2.120s] writing ../../build/darkhorse_dbw/darkhorse_dbw.egg-info/PKG-INFO
[2.120s] writing dependency_links to ../../build/darkhorse_dbw/darkhorse_dbw.egg-info/dependency_links.txt
[2.121s] writing entry points to ../../build/darkhorse_dbw/darkhorse_dbw.egg-info/entry_points.txt
[2.121s] writing requirements to ../../build/darkhorse_dbw/darkhorse_dbw.egg-info/requires.txt
[2.121s] writing top-level names to ../../build/darkhorse_dbw/darkhorse_dbw.egg-info/top_level.txt
[2.123s] reading manifest file '../../build/darkhorse_dbw/darkhorse_dbw.egg-info/SOURCES.txt'
[2.125s] writing manifest file '../../build/darkhorse_dbw/darkhorse_dbw.egg-info/SOURCES.txt'
[2.125s] running build
[2.125s] running build_py
[2.125s] running install
[2.126s] running install_lib
[2.128s] running install_data
[2.128s] running install_egg_info
[2.131s] removing '/home/ram_charan/DH_ws/install/darkhorse_dbw/lib/python3.10/site-packages/darkhorse_dbw-0.0.0-py3.10.egg-info' (and everything under it)
[2.132s] Copying ../../build/darkhorse_dbw/darkhorse_dbw.egg-info to /home/ram_charan/DH_ws/install/darkhorse_dbw/lib/python3.10/site-packages/darkhorse_dbw-0.0.0-py3.10.egg-info
[2.133s] running install_scripts
[2.163s] Installing hal_node script to /home/ram_charan/DH_ws/install/darkhorse_dbw/lib/darkhorse_dbw
[2.164s] Installing speed_node script to /home/ram_charan/DH_ws/install/darkhorse_dbw/lib/darkhorse_dbw
[2.164s] writing list of installed files to '/home/ram_charan/DH_ws/build/darkhorse_dbw/install.log'
[2.234s] Invoked command in '/home/ram_charan/DH_ws/src/darkhorse_dbw' returned '0': PYTHONPATH=/home/ram_charan/DH_ws/build/darkhorse_dbw/prefix_override:/usr/lib/python3/dist-packages/colcon_core/task/python/colcon_distutils_commands:/home/ram_charan/DH_ws/install/darkhorse_dbw/lib/python3.10/site-packages:${PYTHONPATH} /usr/bin/python3 -W ignore:setup.py install is deprecated -W ignore:easy_install command is deprecated setup.py egg_info --egg-base ../../build/darkhorse_dbw build --build-base /home/ram_charan/DH_ws/build/darkhorse_dbw/build install --record /home/ram_charan/DH_ws/build/darkhorse_dbw/install.log --single-version-externally-managed install_data
