running egg_info
writing ../../build/darkhorse_perception/darkhorse_perception.egg-info/PKG-INFO
writing dependency_links to ../../build/darkhorse_perception/darkhorse_perception.egg-info/dependency_links.txt
writing entry points to ../../build/darkhorse_perception/darkhorse_perception.egg-info/entry_points.txt
writing requirements to ../../build/darkhorse_perception/darkhorse_perception.egg-info/requires.txt
writing top-level names to ../../build/darkhorse_perception/darkhorse_perception.egg-info/top_level.txt
reading manifest file '../../build/darkhorse_perception/darkhorse_perception.egg-info/SOURCES.txt'
writing manifest file '../../build/darkhorse_perception/darkhorse_perception.egg-info/SOURCES.txt'
running build
running build_py
running install
running install_lib
running install_data
running install_egg_info
removing '/home/ram_charan/DH_ws/install/darkhorse_perception/lib/python3.10/site-packages/darkhorse_perception-0.0.1-py3.10.egg-info' (and everything under it)
Copying ../../build/darkhorse_perception/darkhorse_perception.egg-info to /home/ram_charan/DH_ws/install/darkhorse_perception/lib/python3.10/site-packages/darkhorse_perception-0.0.1-py3.10.egg-info
running install_scripts
Installing camera_node script to /home/ram_charan/DH_ws/install/darkhorse_perception/lib/darkhorse_perception
Installing radar_rx_node script to /home/ram_charan/DH_ws/install/darkhorse_perception/lib/darkhorse_perception
Installing radar_visualizer script to /home/ram_charan/DH_ws/install/darkhorse_perception/lib/darkhorse_perception
Installing vehicle_speed_node script to /home/ram_charan/DH_ws/install/darkhorse_perception/lib/darkhorse_perception
writing list of installed files to '/home/ram_charan/DH_ws/build/darkhorse_perception/install.log'
