[0.955s] Invoking command in '/home/ram_charan/DH_ws/src/darkhorse_control': PYTHONPATH=/home/ram_charan/DH_ws/build/darkhorse_control/prefix_override:/usr/lib/python3/dist-packages/colcon_core/task/python/colcon_distutils_commands:/home/ram_charan/DH_ws/install/darkhorse_control/lib/python3.10/site-packages:${PYTHONPATH} /usr/bin/python3 -W ignore:setup.py install is deprecated -W ignore:easy_install command is deprecated setup.py egg_info --egg-base ../../build/darkhorse_control build --build-base /home/ram_charan/DH_ws/build/darkhorse_control/build install --record /home/ram_charan/DH_ws/build/darkhorse_control/install.log --single-version-externally-managed install_data
[1.141s] running egg_info
[1.142s] writing ../../build/darkhorse_control/darkhorse_control.egg-info/PKG-INFO
[1.142s] writing dependency_links to ../../build/darkhorse_control/darkhorse_control.egg-info/dependency_links.txt
[1.143s] writing entry points to ../../build/darkhorse_control/darkhorse_control.egg-info/entry_points.txt
[1.143s] writing requirements to ../../build/darkhorse_control/darkhorse_control.egg-info/requires.txt
[1.143s] writing top-level names to ../../build/darkhorse_control/darkhorse_control.egg-info/top_level.txt
[1.144s] reading manifest file '../../build/darkhorse_control/darkhorse_control.egg-info/SOURCES.txt'
[1.145s] writing manifest file '../../build/darkhorse_control/darkhorse_control.egg-info/SOURCES.txt'
[1.145s] running build
[1.145s] running build_py
[1.145s] copying darkhorse_control/aeb_node.py -> /home/ram_charan/DH_ws/build/darkhorse_control/build/lib/darkhorse_control
[1.145s] running install
[1.145s] running install_lib
[1.146s] copying /home/ram_charan/DH_ws/build/darkhorse_control/build/lib/darkhorse_control/aeb_node.py -> /home/ram_charan/DH_ws/install/darkhorse_control/lib/python3.10/site-packages/darkhorse_control
[1.146s] byte-compiling /home/ram_charan/DH_ws/install/darkhorse_control/lib/python3.10/site-packages/darkhorse_control/aeb_node.py to aeb_node.cpython-310.pyc
[1.148s] running install_data
[1.148s] running install_egg_info
[1.149s] removing '/home/ram_charan/DH_ws/install/darkhorse_control/lib/python3.10/site-packages/darkhorse_control-0.0.0-py3.10.egg-info' (and everything under it)
[1.149s] Copying ../../build/darkhorse_control/darkhorse_control.egg-info to /home/ram_charan/DH_ws/install/darkhorse_control/lib/python3.10/site-packages/darkhorse_control-0.0.0-py3.10.egg-info
[1.150s] running install_scripts
[1.165s] Installing acc_node script to /home/ram_charan/DH_ws/install/darkhorse_control/lib/darkhorse_control
[1.165s] Installing aeb_controller script to /home/ram_charan/DH_ws/install/darkhorse_control/lib/darkhorse_control
[1.166s] Installing aeb_node script to /home/ram_charan/DH_ws/install/darkhorse_control/lib/darkhorse_control
[1.166s] Installing fake_speed_publisher script to /home/ram_charan/DH_ws/install/darkhorse_control/lib/darkhorse_control
[1.166s] Installing joy_bridge script to /home/ram_charan/DH_ws/install/darkhorse_control/lib/darkhorse_control
[1.166s] Installing lka_node script to /home/ram_charan/DH_ws/install/darkhorse_control/lib/darkhorse_control
[1.166s] Installing mission_control_node script to /home/ram_charan/DH_ws/install/darkhorse_control/lib/darkhorse_control
[1.166s] writing list of installed files to '/home/ram_charan/DH_ws/build/darkhorse_control/install.log'
[1.188s] Invoked command in '/home/ram_charan/DH_ws/src/darkhorse_control' returned '0': PYTHONPATH=/home/ram_charan/DH_ws/build/darkhorse_control/prefix_override:/usr/lib/python3/dist-packages/colcon_core/task/python/colcon_distutils_commands:/home/ram_charan/DH_ws/install/darkhorse_control/lib/python3.10/site-packages:${PYTHONPATH} /usr/bin/python3 -W ignore:setup.py install is deprecated -W ignore:easy_install command is deprecated setup.py egg_info --egg-base ../../build/darkhorse_control build --build-base /home/ram_charan/DH_ws/build/darkhorse_control/build install --record /home/ram_charan/DH_ws/build/darkhorse_control/install.log --single-version-externally-managed install_data
