[0.941s] Invoking command in '/home/ram_charan/DH_ws/build/darkhorse_dbw': PYTHONPATH=/home/ram_charan/DH_ws/build/darkhorse_dbw/prefix_override:/usr/lib/python3/dist-packages/colcon_core/task/python/colcon_distutils_commands:/home/ram_charan/DH_ws/install/darkhorse_dbw/lib/python3.10/site-packages:${PYTHONPATH} /usr/bin/python3 -W ignore:setup.py install is deprecated -W ignore:easy_install command is deprecated setup.py develop --editable --build-directory /home/ram_charan/DH_ws/build/darkhorse_dbw/build --no-deps symlink_data --force
[1.133s] running develop
[1.252s] running egg_info
[1.253s] writing darkhorse_dbw.egg-info/PKG-INFO
[1.253s] writing dependency_links to darkhorse_dbw.egg-info/dependency_links.txt
[1.253s] writing entry points to darkhorse_dbw.egg-info/entry_points.txt
[1.253s] writing requirements to darkhorse_dbw.egg-info/requires.txt
[1.253s] writing top-level names to darkhorse_dbw.egg-info/top_level.txt
[1.255s] reading manifest file 'darkhorse_dbw.egg-info/SOURCES.txt'
[1.255s] writing manifest file 'darkhorse_dbw.egg-info/SOURCES.txt'
[1.257s] running build_ext
[1.257s] Creating /home/ram_charan/DH_ws/install/darkhorse_dbw/lib/python3.10/site-packages/darkhorse-dbw.egg-link (link to .)
[1.257s] Installing hal_node script to /home/ram_charan/DH_ws/install/darkhorse_dbw/lib/darkhorse_dbw
[1.257s] Installing speed_node script to /home/ram_charan/DH_ws/install/darkhorse_dbw/lib/darkhorse_dbw
[1.257s] 
[1.257s] Installed /home/ram_charan/DH_ws/build/darkhorse_dbw
[1.257s] running symlink_data
[1.257s] symbolically linking /home/ram_charan/DH_ws/build/darkhorse_dbw/resource/darkhorse_dbw -> /home/ram_charan/DH_ws/install/darkhorse_dbw/share/ament_index/resource_index/packages
[1.257s] symbolically linking /home/ram_charan/DH_ws/build/darkhorse_dbw/package.xml -> /home/ram_charan/DH_ws/install/darkhorse_dbw/share/darkhorse_dbw
[1.257s] symbolically linking /home/ram_charan/DH_ws/build/darkhorse_dbw/config/Starkenn_Orion_Radar_x_aBAJA.dbc -> /home/ram_charan/DH_ws/install/darkhorse_dbw/share/darkhorse_dbw/config
[1.294s] Invoked command in '/home/ram_charan/DH_ws/build/darkhorse_dbw' returned '0': PYTHONPATH=/home/ram_charan/DH_ws/build/darkhorse_dbw/prefix_override:/usr/lib/python3/dist-packages/colcon_core/task/python/colcon_distutils_commands:/home/ram_charan/DH_ws/install/darkhorse_dbw/lib/python3.10/site-packages:${PYTHONPATH} /usr/bin/python3 -W ignore:setup.py install is deprecated -W ignore:easy_install command is deprecated setup.py develop --editable --build-directory /home/ram_charan/DH_ws/build/darkhorse_dbw/build --no-deps symlink_data --force
