/home/ram_charan/DH_ws/install/darkhorse_perception/lib/python3.10/site-packages/darkhorse_perception/radar_rx_node.py
/home/ram_charan/DH_ws/install/darkhorse_perception/lib/python3.10/site-packages/darkhorse_perception/vehicle_speed_node.py
/home/ram_charan/DH_ws/install/darkhorse_perception/lib/python3.10/site-packages/darkhorse_perception/radar_visualizer.py
/home/ram_charan/DH_ws/install/darkhorse_perception/lib/python3.10/site-packages/darkhorse_perception/camera_node.py
/home/ram_charan/DH_ws/install/darkhorse_perception/lib/python3.10/site-packages/darkhorse_perception/__init__.py
/home/ram_charan/DH_ws/install/darkhorse_perception/lib/python3.10/site-packages/darkhorse_perception/camera_perception_node.py
/home/ram_charan/DH_ws/install/darkhorse_perception/lib/python3.10/site-packages/darkhorse_perception/__pycache__/radar_rx_node.cpython-310.pyc
/home/ram_charan/DH_ws/install/darkhorse_perception/lib/python3.10/site-packages/darkhorse_perception/__pycache__/vehicle_speed_node.cpython-310.pyc
/home/ram_charan/DH_ws/install/darkhorse_perception/lib/python3.10/site-packages/darkhorse_perception/__pycache__/radar_visualizer.cpython-310.pyc
/home/ram_charan/DH_ws/install/darkhorse_perception/lib/python3.10/site-packages/darkhorse_perception/__pycache__/camera_node.cpython-310.pyc
/home/ram_charan/DH_ws/install/darkhorse_perception/lib/python3.10/site-packages/darkhorse_perception/__pycache__/__init__.cpython-310.pyc
/home/ram_charan/DH_ws/install/darkhorse_perception/lib/python3.10/site-packages/darkhorse_perception/__pycache__/camera_perception_node.cpython-310.pyc
/home/ram_charan/DH_ws/install/darkhorse_perception/share/ament_index/resource_index/packages/darkhorse_perception
/home/ram_charan/DH_ws/install/darkhorse_perception/share/darkhorse_perception/package.xml
/home/ram_charan/DH_ws/install/darkhorse_perception/share/darkhorse_perception/launch/radar_min.launch.py
/home/ram_charan/DH_ws/install/darkhorse_perception/share/darkhorse_perception/launch/camera_perception.launch.py
/home/ram_charan/DH_ws/install/darkhorse_perception/share/darkhorse_perception/launch/radar_viz.launch.py
/home/ram_charan/DH_ws/install/darkhorse_perception/share/darkhorse_perception/config/radar.yaml
/home/ram_charan/DH_ws/install/darkhorse_perception/share/darkhorse_perception/config/camera_params.yaml
/home/ram_charan/DH_ws/install/darkhorse_perception/share/darkhorse_perception/rviz/radar.rviz
/home/ram_charan/DH_ws/install/darkhorse_perception/share/darkhorse_perception/models/ts_yolov8n.onnx
/home/ram_charan/DH_ws/install/darkhorse_perception/share/darkhorse_perception/models/tl_yolov8n.onnx
/home/ram_charan/DH_ws/install/darkhorse_perception/share/darkhorse_perception/models/my_traffic_model.pt
/home/ram_charan/DH_ws/install/darkhorse_perception/share/darkhorse_perception/models/yolov8n.pt
/home/ram_charan/DH_ws/install/darkhorse_perception/share/darkhorse_perception/models/sign_labels.txt
/home/ram_charan/DH_ws/install/darkhorse_perception/lib/python3.10/site-packages/darkhorse_perception-0.0.1-py3.10.egg-info/requires.txt
/home/ram_charan/DH_ws/install/darkhorse_perception/lib/python3.10/site-packages/darkhorse_perception-0.0.1-py3.10.egg-info/dependency_links.txt
/home/ram_charan/DH_ws/install/darkhorse_perception/lib/python3.10/site-packages/darkhorse_perception-0.0.1-py3.10.egg-info/PKG-INFO
/home/ram_charan/DH_ws/install/darkhorse_perception/lib/python3.10/site-packages/darkhorse_perception-0.0.1-py3.10.egg-info/SOURCES.txt
/home/ram_charan/DH_ws/install/darkhorse_perception/lib/python3.10/site-packages/darkhorse_perception-0.0.1-py3.10.egg-info/zip-safe
/home/ram_charan/DH_ws/install/darkhorse_perception/lib/python3.10/site-packages/darkhorse_perception-0.0.1-py3.10.egg-info/entry_points.txt
/home/ram_charan/DH_ws/install/darkhorse_perception/lib/python3.10/site-packages/darkhorse_perception-0.0.1-py3.10.egg-info/top_level.txt
/home/ram_charan/DH_ws/install/darkhorse_perception/lib/darkhorse_perception/camera_node
/home/ram_charan/DH_ws/install/darkhorse_perception/lib/darkhorse_perception/radar_rx_node
/home/ram_charan/DH_ws/install/darkhorse_perception/lib/darkhorse_perception/radar_visualizer
/home/ram_charan/DH_ws/install/darkhorse_perception/lib/darkhorse_perception/vehicle_speed_node
