[1.274s] Invoking command in '/home/ram_charan/DH_ws/src/darkhorse_control': PYTHONPATH=/home/ram_charan/DH_ws/src/build/darkhorse_control/prefix_override:/usr/lib/python3/dist-packages/colcon_core/task/python/colcon_distutils_commands:/home/ram_charan/DH_ws/src/install/darkhorse_control/lib/python3.10/site-packages:${PYTHONPATH} /usr/bin/python3 -W ignore:setup.py install is deprecated -W ignore:easy_install command is deprecated setup.py egg_info --egg-base ../build/darkhorse_control build --build-base /home/ram_charan/DH_ws/src/build/darkhorse_control/build install --record /home/ram_charan/DH_ws/src/build/darkhorse_control/install.log --single-version-externally-managed install_data
[1.543s] running egg_info
[1.544s] creating ../build/darkhorse_control/darkhorse_control.egg-info
[1.544s] writing ../build/darkhorse_control/darkhorse_control.egg-info/PKG-INFO
[1.544s] writing dependency_links to ../build/darkhorse_control/darkhorse_control.egg-info/dependency_links.txt
[1.545s] writing entry points to ../build/darkhorse_control/darkhorse_control.egg-info/entry_points.txt
[1.545s] writing requirements to ../build/darkhorse_control/darkhorse_control.egg-info/requires.txt
[1.545s] writing top-level names to ../build/darkhorse_control/darkhorse_control.egg-info/top_level.txt
[1.545s] writing manifest file '../build/darkhorse_control/darkhorse_control.egg-info/SOURCES.txt'
[1.547s] reading manifest file '../build/darkhorse_control/darkhorse_control.egg-info/SOURCES.txt'
[1.547s] writing manifest file '../build/darkhorse_control/darkhorse_control.egg-info/SOURCES.txt'
[1.547s] running build
[1.547s] running build_py
[1.547s] creating /home/ram_charan/DH_ws/src/build/darkhorse_control/build
[1.547s] creating /home/ram_charan/DH_ws/src/build/darkhorse_control/build/lib
[1.548s] creating /home/ram_charan/DH_ws/src/build/darkhorse_control/build/lib/darkhorse_control
[1.548s] copying darkhorse_control/fake_speed_publisher.py -> /home/ram_charan/DH_ws/src/build/darkhorse_control/build/lib/darkhorse_control
[1.548s] copying darkhorse_control/__init__.py -> /home/ram_charan/DH_ws/src/build/darkhorse_control/build/lib/darkhorse_control
[1.548s] copying darkhorse_control/joy_bridge.py -> /home/ram_charan/DH_ws/src/build/darkhorse_control/build/lib/darkhorse_control
[1.549s] running install
[1.549s] running install_lib
[1.550s] creating /home/ram_charan/DH_ws/src/install/darkhorse_control/lib/python3.10/site-packages/darkhorse_control
[1.550s] copying /home/ram_charan/DH_ws/src/build/darkhorse_control/build/lib/darkhorse_control/fake_speed_publisher.py -> /home/ram_charan/DH_ws/src/install/darkhorse_control/lib/python3.10/site-packages/darkhorse_control
[1.551s] copying /home/ram_charan/DH_ws/src/build/darkhorse_control/build/lib/darkhorse_control/__init__.py -> /home/ram_charan/DH_ws/src/install/darkhorse_control/lib/python3.10/site-packages/darkhorse_control
[1.551s] copying /home/ram_charan/DH_ws/src/build/darkhorse_control/build/lib/darkhorse_control/joy_bridge.py -> /home/ram_charan/DH_ws/src/install/darkhorse_control/lib/python3.10/site-packages/darkhorse_control
[1.551s] byte-compiling /home/ram_charan/DH_ws/src/install/darkhorse_control/lib/python3.10/site-packages/darkhorse_control/fake_speed_publisher.py to fake_speed_publisher.cpython-310.pyc
[1.552s] byte-compiling /home/ram_charan/DH_ws/src/install/darkhorse_control/lib/python3.10/site-packages/darkhorse_control/__init__.py to __init__.cpython-310.pyc
[1.552s] byte-compiling /home/ram_charan/DH_ws/src/install/darkhorse_control/lib/python3.10/site-packages/darkhorse_control/joy_bridge.py to joy_bridge.cpython-310.pyc
[1.553s] running install_data
[1.553s] creating /home/ram_charan/DH_ws/src/install/darkhorse_control/share/ament_index
[1.553s] creating /home/ram_charan/DH_ws/src/install/darkhorse_control/share/ament_index/resource_index
[1.553s] creating /home/ram_charan/DH_ws/src/install/darkhorse_control/share/ament_index/resource_index/packages
[1.553s] copying resource/darkhorse_control -> /home/ram_charan/DH_ws/src/install/darkhorse_control/share/ament_index/resource_index/packages
[1.553s] copying package.xml -> /home/ram_charan/DH_ws/src/install/darkhorse_control/share/darkhorse_control
[1.553s] running install_egg_info
[1.556s] Copying ../build/darkhorse_control/darkhorse_control.egg-info to /home/ram_charan/DH_ws/src/install/darkhorse_control/lib/python3.10/site-packages/darkhorse_control-0.0.0-py3.10.egg-info
[1.556s] running install_scripts
[1.582s] Installing acc_node script to /home/ram_charan/DH_ws/src/install/darkhorse_control/lib/darkhorse_control
[1.582s] Installing aeb_node script to /home/ram_charan/DH_ws/src/install/darkhorse_control/lib/darkhorse_control
[1.583s] Installing fake_speed_publisher script to /home/ram_charan/DH_ws/src/install/darkhorse_control/lib/darkhorse_control
[1.583s] Installing joy_bridge script to /home/ram_charan/DH_ws/src/install/darkhorse_control/lib/darkhorse_control
[1.583s] Installing mission_control_node script to /home/ram_charan/DH_ws/src/install/darkhorse_control/lib/darkhorse_control
[1.583s] writing list of installed files to '/home/ram_charan/DH_ws/src/build/darkhorse_control/install.log'
[1.624s] Invoked command in '/home/ram_charan/DH_ws/src/darkhorse_control' returned '0': PYTHONPATH=/home/ram_charan/DH_ws/src/build/darkhorse_control/prefix_override:/usr/lib/python3/dist-packages/colcon_core/task/python/colcon_distutils_commands:/home/ram_charan/DH_ws/src/install/darkhorse_control/lib/python3.10/site-packages:${PYTHONPATH} /usr/bin/python3 -W ignore:setup.py install is deprecated -W ignore:easy_install command is deprecated setup.py egg_info --egg-base ../build/darkhorse_control build --build-base /home/ram_charan/DH_ws/src/build/darkhorse_control/build install --record /home/ram_charan/DH_ws/src/build/darkhorse_control/install.log --single-version-externally-managed install_data
