[0.974s] Invoking command in '/home/ram_charan/DH_ws/build/darkhorse_perception': PYTHONPATH=/home/ram_charan/DH_ws/build/darkhorse_perception/prefix_override:/usr/lib/python3/dist-packages/colcon_core/task/python/colcon_distutils_commands:/home/ram_charan/DH_ws/install/darkhorse_perception/lib/python3.10/site-packages:${PYTHONPATH} /usr/bin/python3 -W ignore:setup.py install is deprecated -W ignore:easy_install command is deprecated setup.py develop --uninstall --editable --build-directory /home/ram_charan/DH_ws/build/darkhorse_perception/build
[1.182s] running develop
[1.314s] Removing /home/ram_charan/DH_ws/install/darkhorse_perception/lib/python3.10/site-packages/darkhorse-perception.egg-link (link to .)
[1.338s] Invoked command in '/home/ram_charan/DH_ws/build/darkhorse_perception' returned '0': PYTHONPATH=/home/ram_charan/DH_ws/build/darkhorse_perception/prefix_override:/usr/lib/python3/dist-packages/colcon_core/task/python/colcon_distutils_commands:/home/ram_charan/DH_ws/install/darkhorse_perception/lib/python3.10/site-packages:${PYTHONPATH} /usr/bin/python3 -W ignore:setup.py install is deprecated -W ignore:easy_install command is deprecated setup.py develop --uninstall --editable --build-directory /home/ram_charan/DH_ws/build/darkhorse_perception/build
[1.340s] Invoking command in '/home/ram_charan/DH_ws/src/darkhorse_perception': PYTHONPATH=/home/ram_charan/DH_ws/build/darkhorse_perception/prefix_override:/usr/lib/python3/dist-packages/colcon_core/task/python/colcon_distutils_commands:/home/ram_charan/DH_ws/install/darkhorse_perception/lib/python3.10/site-packages:${PYTHONPATH} /usr/bin/python3 -W ignore:setup.py install is deprecated -W ignore:easy_install command is deprecated setup.py egg_info --egg-base ../../build/darkhorse_perception build --build-base /home/ram_charan/DH_ws/build/darkhorse_perception/build install --record /home/ram_charan/DH_ws/build/darkhorse_perception/install.log --single-version-externally-managed install_data --force
[1.521s] running egg_info
[1.522s] writing ../../build/darkhorse_perception/darkhorse_perception.egg-info/PKG-INFO
[1.522s] writing dependency_links to ../../build/darkhorse_perception/darkhorse_perception.egg-info/dependency_links.txt
[1.522s] writing entry points to ../../build/darkhorse_perception/darkhorse_perception.egg-info/entry_points.txt
[1.522s] writing requirements to ../../build/darkhorse_perception/darkhorse_perception.egg-info/requires.txt
[1.523s] writing top-level names to ../../build/darkhorse_perception/darkhorse_perception.egg-info/top_level.txt
[1.525s] reading manifest file '../../build/darkhorse_perception/darkhorse_perception.egg-info/SOURCES.txt'
[1.526s] writing manifest file '../../build/darkhorse_perception/darkhorse_perception.egg-info/SOURCES.txt'
[1.526s] running build
[1.526s] running build_py
[1.527s] running install
[1.527s] running install_lib
[1.527s] creating /home/ram_charan/DH_ws/install/darkhorse_perception/lib/python3.10/site-packages/darkhorse_perception
[1.527s] copying /home/ram_charan/DH_ws/build/darkhorse_perception/build/lib/darkhorse_perception/radar_rx_node.py -> /home/ram_charan/DH_ws/install/darkhorse_perception/lib/python3.10/site-packages/darkhorse_perception
[1.528s] copying /home/ram_charan/DH_ws/build/darkhorse_perception/build/lib/darkhorse_perception/radar_visualizer.py -> /home/ram_charan/DH_ws/install/darkhorse_perception/lib/python3.10/site-packages/darkhorse_perception
[1.528s] copying /home/ram_charan/DH_ws/build/darkhorse_perception/build/lib/darkhorse_perception/camera_node.py -> /home/ram_charan/DH_ws/install/darkhorse_perception/lib/python3.10/site-packages/darkhorse_perception
[1.528s] copying /home/ram_charan/DH_ws/build/darkhorse_perception/build/lib/darkhorse_perception/__init__.py -> /home/ram_charan/DH_ws/install/darkhorse_perception/lib/python3.10/site-packages/darkhorse_perception
[1.528s] copying /home/ram_charan/DH_ws/build/darkhorse_perception/build/lib/darkhorse_perception/camera_perception_node.py -> /home/ram_charan/DH_ws/install/darkhorse_perception/lib/python3.10/site-packages/darkhorse_perception
[1.529s] byte-compiling /home/ram_charan/DH_ws/install/darkhorse_perception/lib/python3.10/site-packages/darkhorse_perception/radar_rx_node.py to radar_rx_node.cpython-310.pyc
[1.530s] byte-compiling /home/ram_charan/DH_ws/install/darkhorse_perception/lib/python3.10/site-packages/darkhorse_perception/radar_visualizer.py to radar_visualizer.cpython-310.pyc
[1.531s] byte-compiling /home/ram_charan/DH_ws/install/darkhorse_perception/lib/python3.10/site-packages/darkhorse_perception/camera_node.py to camera_node.cpython-310.pyc
[1.533s] byte-compiling /home/ram_charan/DH_ws/install/darkhorse_perception/lib/python3.10/site-packages/darkhorse_perception/__init__.py to __init__.cpython-310.pyc
[1.533s] byte-compiling /home/ram_charan/DH_ws/install/darkhorse_perception/lib/python3.10/site-packages/darkhorse_perception/camera_perception_node.py to camera_perception_node.cpython-310.pyc
[1.533s] running install_data
[1.534s] copying resource/darkhorse_perception -> /home/ram_charan/DH_ws/install/darkhorse_perception/share/ament_index/resource_index/packages
[1.534s] copying package.xml -> /home/ram_charan/DH_ws/install/darkhorse_perception/share/darkhorse_perception
[1.534s] copying launch/radar_min.launch.py -> /home/ram_charan/DH_ws/install/darkhorse_perception/share/darkhorse_perception/launch
[1.535s] copying launch/camera_perception.launch.py -> /home/ram_charan/DH_ws/install/darkhorse_perception/share/darkhorse_perception/launch
[1.535s] copying launch/radar_viz.launch.py -> /home/ram_charan/DH_ws/install/darkhorse_perception/share/darkhorse_perception/launch
[1.536s] copying config/radar.yaml -> /home/ram_charan/DH_ws/install/darkhorse_perception/share/darkhorse_perception/config
[1.536s] copying config/camera_params.yaml -> /home/ram_charan/DH_ws/install/darkhorse_perception/share/darkhorse_perception/config
[1.536s] copying rviz/radar.rviz -> /home/ram_charan/DH_ws/install/darkhorse_perception/share/darkhorse_perception/rviz
[1.537s] copying models/ts_yolov8n.onnx -> /home/ram_charan/DH_ws/install/darkhorse_perception/share/darkhorse_perception/models
[1.547s] copying models/tl_yolov8n.onnx -> /home/ram_charan/DH_ws/install/darkhorse_perception/share/darkhorse_perception/models
[1.558s] copying models/my_traffic_model.pt -> /home/ram_charan/DH_ws/install/darkhorse_perception/share/darkhorse_perception/models
[1.563s] copying models/yolov8n.pt -> /home/ram_charan/DH_ws/install/darkhorse_perception/share/darkhorse_perception/models
[1.570s] copying models/sign_labels.txt -> /home/ram_charan/DH_ws/install/darkhorse_perception/share/darkhorse_perception/models
[1.571s] running install_egg_info
[1.572s] Copying ../../build/darkhorse_perception/darkhorse_perception.egg-info to /home/ram_charan/DH_ws/install/darkhorse_perception/lib/python3.10/site-packages/darkhorse_perception-0.0.1-py3.10.egg-info
[1.573s] running install_scripts
[1.588s] Installing camera_node script to /home/ram_charan/DH_ws/install/darkhorse_perception/lib/darkhorse_perception
[1.588s] Installing radar_rx_node script to /home/ram_charan/DH_ws/install/darkhorse_perception/lib/darkhorse_perception
[1.588s] Installing radar_visualizer script to /home/ram_charan/DH_ws/install/darkhorse_perception/lib/darkhorse_perception
[1.588s] writing list of installed files to '/home/ram_charan/DH_ws/build/darkhorse_perception/install.log'
[1.603s] Invoked command in '/home/ram_charan/DH_ws/src/darkhorse_perception' returned '0': PYTHONPATH=/home/ram_charan/DH_ws/build/darkhorse_perception/prefix_override:/usr/lib/python3/dist-packages/colcon_core/task/python/colcon_distutils_commands:/home/ram_charan/DH_ws/install/darkhorse_perception/lib/python3.10/site-packages:${PYTHONPATH} /usr/bin/python3 -W ignore:setup.py install is deprecated -W ignore:easy_install command is deprecated setup.py egg_info --egg-base ../../build/darkhorse_perception build --build-base /home/ram_charan/DH_ws/build/darkhorse_perception/build install --record /home/ram_charan/DH_ws/build/darkhorse_perception/install.log --single-version-externally-managed install_data --force
