[1.286s] Invoking command in '/home/ram_charan/DH_ws/src/darkhorse_bringup': PYTHONPATH=/home/ram_charan/DH_ws/src/build/darkhorse_bringup/prefix_override:/usr/lib/python3/dist-packages/colcon_core/task/python/colcon_distutils_commands:/home/ram_charan/DH_ws/src/install/darkhorse_bringup/lib/python3.10/site-packages:${PYTHONPATH} /usr/bin/python3 -W ignore:setup.py install is deprecated -W ignore:easy_install command is deprecated setup.py egg_info --egg-base ../build/darkhorse_bringup build --build-base /home/ram_charan/DH_ws/src/build/darkhorse_bringup/build install --record /home/ram_charan/DH_ws/src/build/darkhorse_bringup/install.log --single-version-externally-managed install_data
[1.559s] running egg_info
[1.560s] creating ../build/darkhorse_bringup/darkhorse_bringup.egg-info
[1.560s] writing ../build/darkhorse_bringup/darkhorse_bringup.egg-info/PKG-INFO
[1.560s] writing dependency_links to ../build/darkhorse_bringup/darkhorse_bringup.egg-info/dependency_links.txt
[1.561s] writing entry points to ../build/darkhorse_bringup/darkhorse_bringup.egg-info/entry_points.txt
[1.561s] writing requirements to ../build/darkhorse_bringup/darkhorse_bringup.egg-info/requires.txt
[1.561s] writing top-level names to ../build/darkhorse_bringup/darkhorse_bringup.egg-info/top_level.txt
[1.561s] writing manifest file '../build/darkhorse_bringup/darkhorse_bringup.egg-info/SOURCES.txt'
[1.563s] reading manifest file '../build/darkhorse_bringup/darkhorse_bringup.egg-info/SOURCES.txt'
[1.564s] writing manifest file '../build/darkhorse_bringup/darkhorse_bringup.egg-info/SOURCES.txt'
[1.564s] running build
[1.564s] running build_py
[1.564s] creating /home/ram_charan/DH_ws/src/build/darkhorse_bringup/build
[1.564s] creating /home/ram_charan/DH_ws/src/build/darkhorse_bringup/build/lib
[1.565s] creating /home/ram_charan/DH_ws/src/build/darkhorse_bringup/build/lib/darkhorse_bringup
[1.565s] copying darkhorse_bringup/__init__.py -> /home/ram_charan/DH_ws/src/build/darkhorse_bringup/build/lib/darkhorse_bringup
[1.565s] running install
[1.565s] running install_lib
[1.566s] creating /home/ram_charan/DH_ws/src/install/darkhorse_bringup/lib/python3.10/site-packages/darkhorse_bringup
[1.566s] copying /home/ram_charan/DH_ws/src/build/darkhorse_bringup/build/lib/darkhorse_bringup/__init__.py -> /home/ram_charan/DH_ws/src/install/darkhorse_bringup/lib/python3.10/site-packages/darkhorse_bringup
[1.566s] byte-compiling /home/ram_charan/DH_ws/src/install/darkhorse_bringup/lib/python3.10/site-packages/darkhorse_bringup/__init__.py to __init__.cpython-310.pyc
[1.567s] running install_data
[1.567s] creating /home/ram_charan/DH_ws/src/install/darkhorse_bringup/share/ament_index
[1.567s] creating /home/ram_charan/DH_ws/src/install/darkhorse_bringup/share/ament_index/resource_index
[1.567s] creating /home/ram_charan/DH_ws/src/install/darkhorse_bringup/share/ament_index/resource_index/packages
[1.567s] copying resource/darkhorse_bringup -> /home/ram_charan/DH_ws/src/install/darkhorse_bringup/share/ament_index/resource_index/packages
[1.567s] copying package.xml -> /home/ram_charan/DH_ws/src/install/darkhorse_bringup/share/darkhorse_bringup
[1.567s] creating /home/ram_charan/DH_ws/src/install/darkhorse_bringup/share/darkhorse_bringup/launch
[1.568s] copying launch/dbw_only_testing.launch.py -> /home/ram_charan/DH_ws/src/install/darkhorse_bringup/share/darkhorse_bringup/launch
[1.568s] copying launch/manual_testing.launch.py -> /home/ram_charan/DH_ws/src/install/darkhorse_bringup/share/darkhorse_bringup/launch
[1.568s] copying launch/radar_test.launch.py -> /home/ram_charan/DH_ws/src/install/darkhorse_bringup/share/darkhorse_bringup/launch
[1.568s] creating /home/ram_charan/DH_ws/src/install/darkhorse_bringup/share/darkhorse_bringup/config
[1.568s] copying config/joystick_config.yaml -> /home/ram_charan/DH_ws/src/install/darkhorse_bringup/share/darkhorse_bringup/config
[1.568s] running install_egg_info
[1.571s] Copying ../build/darkhorse_bringup/darkhorse_bringup.egg-info to /home/ram_charan/DH_ws/src/install/darkhorse_bringup/lib/python3.10/site-packages/darkhorse_bringup-0.0.0-py3.10.egg-info
[1.572s] running install_scripts
[1.597s] writing list of installed files to '/home/ram_charan/DH_ws/src/build/darkhorse_bringup/install.log'
[1.640s] Invoked command in '/home/ram_charan/DH_ws/src/darkhorse_bringup' returned '0': PYTHONPATH=/home/ram_charan/DH_ws/src/build/darkhorse_bringup/prefix_override:/usr/lib/python3/dist-packages/colcon_core/task/python/colcon_distutils_commands:/home/ram_charan/DH_ws/src/install/darkhorse_bringup/lib/python3.10/site-packages:${PYTHONPATH} /usr/bin/python3 -W ignore:setup.py install is deprecated -W ignore:easy_install command is deprecated setup.py egg_info --egg-base ../build/darkhorse_bringup build --build-base /home/ram_charan/DH_ws/src/build/darkhorse_bringup/build install --record /home/ram_charan/DH_ws/src/build/darkhorse_bringup/install.log --single-version-externally-managed install_data
