[0.051s] Invoking command in '/home/darkhorse/DH_ws/src/build/wiimote_msgs': CMAKE_PREFIX_PATH=/home/darkhorse/DH_ws/install/darkhorse_perception:/home/darkhorse/DH_ws/install/darkhorse_dbw:/home/darkhorse/DH_ws/install/darkhorse_control:/home/darkhorse/DH_ws/install/darkhorse_bringup /usr/bin/cmake /home/darkhorse/DH_ws/src/joystick_drivers/wiimote_msgs -DCMAKE_INSTALL_PREFIX=/home/darkhorse/DH_ws/src/install/wiimote_msgs
[1.845s] -- The C compiler identification is GNU 11.4.0
[1.846s] -- The CXX compiler identification is GNU 11.4.0
[1.846s] -- Detecting C compiler ABI info
[1.846s] -- Detecting C compiler ABI info - done
[1.846s] -- Check for working C compiler: /usr/bin/cc - skipped
[1.846s] -- Detecting C compile features
[1.847s] -- Detecting C compile features - done
[1.847s] -- Detecting CXX compiler ABI info
[1.847s] -- Detecting CXX compiler ABI info - done
[1.847s] -- Check for working CXX compiler: /usr/bin/c++ - skipped
[1.847s] -- Detecting CXX compile features
[1.847s] -- Detecting CXX compile features - done
[1.848s] -- Found ament_cmake: 1.3.12 (/opt/ros/humble/share/ament_cmake/cmake)
[1.848s] -- Found Python3: /usr/bin/python3 (found version "3.10.12") found components: Interpreter 
[1.848s] -- Found ament_cmake_auto: 1.3.12 (/opt/ros/humble/share/ament_cmake_auto/cmake)
[1.848s] -- Found rosidl_generator_c: 3.1.7 (/opt/ros/humble/share/rosidl_generator_c/cmake)
[1.848s] -- Found rosidl_adapter: 3.1.7 (/opt/ros/humble/share/rosidl_adapter/cmake)
[1.849s] -- Found rosidl_generator_cpp: 3.1.7 (/opt/ros/humble/share/rosidl_generator_cpp/cmake)
[1.849s] -- Configuring incomplete, errors occurred!
[1.849s] See also "/home/darkhorse/DH_ws/src/build/wiimote_msgs/CMakeFiles/CMakeOutput.log".
[1.849s] [31mCMake Error at /opt/ros/humble/share/rosidl_typesupport_c/cmake/get_used_typesupports.cmake:35 (message):
[1.850s]   No 'rosidl_typesupport_c' found
[1.850s] Call Stack (most recent call first):
[1.850s]   /opt/ros/humble/share/rosidl_typesupport_c/cmake/rosidl_typesupport_c-extras.cmake:8 (get_used_typesupports)
[1.850s]   /opt/ros/humble/share/rosidl_typesupport_c/cmake/rosidl_typesupport_cConfig.cmake:41 (include)
[1.850s]   /opt/ros/humble/share/builtin_interfaces/cmake/ament_cmake_export_dependencies-extras.cmake:21 (find_package)
[1.851s]   /opt/ros/humble/share/builtin_interfaces/cmake/builtin_interfacesConfig.cmake:41 (include)
[1.851s]   /opt/ros/humble/share/ament_cmake_auto/cmake/ament_auto_find_build_dependencies.cmake:67 (find_package)
[1.851s]   CMakeLists.txt:22 (ament_auto_find_build_dependencies)
[1.851s] 
[1.851s] [0m
[2.413s] Invoked command in '/home/darkhorse/DH_ws/src/build/wiimote_msgs' returned '1': CMAKE_PREFIX_PATH=/home/darkhorse/DH_ws/install/darkhorse_perception:/home/darkhorse/DH_ws/install/darkhorse_dbw:/home/darkhorse/DH_ws/install/darkhorse_control:/home/darkhorse/DH_ws/install/darkhorse_bringup /usr/bin/cmake /home/darkhorse/DH_ws/src/joystick_drivers/wiimote_msgs -DCMAKE_INSTALL_PREFIX=/home/darkhorse/DH_ws/src/install/wiimote_msgs
