[0.052s] Invoking command in '/home/darkhorse/DH_ws/src/build/sdl2_vendor': CMAKE_PREFIX_PATH=/home/darkhorse/DH_ws/install/darkhorse_perception:/home/darkhorse/DH_ws/install/darkhorse_dbw:/home/darkhorse/DH_ws/install/darkhorse_control:/home/darkhorse/DH_ws/install/darkhorse_bringup /usr/bin/cmake /home/darkhorse/DH_ws/src/joystick_drivers/sdl2_vendor -DCMAKE_INSTALL_PREFIX=/home/darkhorse/DH_ws/src/install/sdl2_vendor
[1.847s] -- The C compiler identification is GNU 11.4.0
[1.848s] -- The CXX compiler identification is GNU 11.4.0
[1.848s] -- Detecting C compiler ABI info
[1.850s] -- Detecting C compiler ABI info - done
[1.852s] -- Check for working C compiler: /usr/bin/cc - skipped
[1.852s] -- Detecting C compile features
[1.852s] -- Detecting C compile features - done
[1.852s] -- Detecting CXX compiler ABI info
[1.852s] -- Detecting CXX compiler ABI info - done
[1.853s] -- Check for working CXX compiler: /usr/bin/c++ - skipped
[1.853s] -- Detecting CXX compile features
[1.853s] -- Detecting CXX compile features - done
[1.853s] -- Found ament_cmake: 1.3.12 (/opt/ros/humble/share/ament_cmake/cmake)
[1.853s] -- Found Python3: /usr/bin/python3 (found version "3.10.12") found components: Interpreter 
[1.854s] -- Configuring done
[1.854s] -- Generating done
[1.854s] -- Build files have been written to: /home/darkhorse/DH_ws/src/build/sdl2_vendor
[2.426s] Invoked command in '/home/darkhorse/DH_ws/src/build/sdl2_vendor' returned '0': CMAKE_PREFIX_PATH=/home/darkhorse/DH_ws/install/darkhorse_perception:/home/darkhorse/DH_ws/install/darkhorse_dbw:/home/darkhorse/DH_ws/install/darkhorse_control:/home/darkhorse/DH_ws/install/darkhorse_bringup /usr/bin/cmake /home/darkhorse/DH_ws/src/joystick_drivers/sdl2_vendor -DCMAKE_INSTALL_PREFIX=/home/darkhorse/DH_ws/src/install/sdl2_vendor
[2.431s] Invoking command in '/home/darkhorse/DH_ws/src/build/sdl2_vendor': CMAKE_PREFIX_PATH=/home/darkhorse/DH_ws/install/darkhorse_perception:/home/darkhorse/DH_ws/install/darkhorse_dbw:/home/darkhorse/DH_ws/install/darkhorse_control:/home/darkhorse/DH_ws/install/darkhorse_bringup /usr/bin/cmake --build /home/darkhorse/DH_ws/src/build/sdl2_vendor -- -j6 -l6
