[1.782s] Invoking command in '/home/ram_charan/DH_ws/src/darkhorse_control': PYTHONPATH=/home/ram_charan/DH_ws/build/darkhorse_control/prefix_override:/usr/lib/python3/dist-packages/colcon_core/task/python/colcon_distutils_commands:/home/ram_charan/DH_ws/install/darkhorse_control/lib/python3.10/site-packages:${PYTHONPATH} /usr/bin/python3 -W ignore:setup.py install is deprecated -W ignore:easy_install command is deprecated setup.py egg_info --egg-base ../../build/darkhorse_control build --build-base /home/ram_charan/DH_ws/build/darkhorse_control/build install --record /home/ram_charan/DH_ws/build/darkhorse_control/install.log --single-version-externally-managed install_data
[2.120s] running egg_info
[2.122s] writing ../../build/darkhorse_control/darkhorse_control.egg-info/PKG-INFO
[2.122s] writing dependency_links to ../../build/darkhorse_control/darkhorse_control.egg-info/dependency_links.txt
[2.123s] writing entry points to ../../build/darkhorse_control/darkhorse_control.egg-info/entry_points.txt
[2.123s] writing requirements to ../../build/darkhorse_control/darkhorse_control.egg-info/requires.txt
[2.123s] writing top-level names to ../../build/darkhorse_control/darkhorse_control.egg-info/top_level.txt
[2.125s] reading manifest file '../../build/darkhorse_control/darkhorse_control.egg-info/SOURCES.txt'
[2.127s] writing manifest file '../../build/darkhorse_control/darkhorse_control.egg-info/SOURCES.txt'
[2.127s] running build
[2.127s] running build_py
[2.127s] copying darkhorse_control/lka_node.py -> /home/ram_charan/DH_ws/build/darkhorse_control/build/lib/darkhorse_control
[2.127s] running install
[2.128s] running install_lib
[2.130s] copying /home/ram_charan/DH_ws/build/darkhorse_control/build/lib/darkhorse_control/lka_node.py -> /home/ram_charan/DH_ws/install/darkhorse_control/lib/python3.10/site-packages/darkhorse_control
[2.132s] byte-compiling /home/ram_charan/DH_ws/install/darkhorse_control/lib/python3.10/site-packages/darkhorse_control/lka_node.py to lka_node.cpython-310.pyc
[2.136s] running install_data
[2.136s] running install_egg_info
[2.140s] removing '/home/ram_charan/DH_ws/install/darkhorse_control/lib/python3.10/site-packages/darkhorse_control-0.0.0-py3.10.egg-info' (and everything under it)
[2.141s] Copying ../../build/darkhorse_control/darkhorse_control.egg-info to /home/ram_charan/DH_ws/install/darkhorse_control/lib/python3.10/site-packages/darkhorse_control-0.0.0-py3.10.egg-info
[2.142s] running install_scripts
[2.172s] Installing acc_node script to /home/ram_charan/DH_ws/install/darkhorse_control/lib/darkhorse_control
[2.172s] Installing aeb_controller script to /home/ram_charan/DH_ws/install/darkhorse_control/lib/darkhorse_control
[2.172s] Installing aeb_node script to /home/ram_charan/DH_ws/install/darkhorse_control/lib/darkhorse_control
[2.173s] Installing fake_speed_publisher script to /home/ram_charan/DH_ws/install/darkhorse_control/lib/darkhorse_control
[2.173s] Installing joy_bridge script to /home/ram_charan/DH_ws/install/darkhorse_control/lib/darkhorse_control
[2.173s] Installing lka_node script to /home/ram_charan/DH_ws/install/darkhorse_control/lib/darkhorse_control
[2.173s] Installing mission_control_node script to /home/ram_charan/DH_ws/install/darkhorse_control/lib/darkhorse_control
[2.174s] writing list of installed files to '/home/ram_charan/DH_ws/build/darkhorse_control/install.log'
[2.231s] Invoked command in '/home/ram_charan/DH_ws/src/darkhorse_control' returned '0': PYTHONPATH=/home/ram_charan/DH_ws/build/darkhorse_control/prefix_override:/usr/lib/python3/dist-packages/colcon_core/task/python/colcon_distutils_commands:/home/ram_charan/DH_ws/install/darkhorse_control/lib/python3.10/site-packages:${PYTHONPATH} /usr/bin/python3 -W ignore:setup.py install is deprecated -W ignore:easy_install command is deprecated setup.py egg_info --egg-base ../../build/darkhorse_control build --build-base /home/ram_charan/DH_ws/build/darkhorse_control/build install --record /home/ram_charan/DH_ws/build/darkhorse_control/install.log --single-version-externally-managed install_data
