[1.281s] Invoking command in '/home/ram_charan/DH_ws/src/darkhorse_perception': PYTHONPATH=/home/ram_charan/DH_ws/build/darkhorse_perception/prefix_override:/usr/lib/python3/dist-packages/colcon_core/task/python/colcon_distutils_commands:/home/ram_charan/DH_ws/install/darkhorse_perception/lib/python3.10/site-packages:${PYTHONPATH} /usr/bin/python3 -W ignore:setup.py install is deprecated -W ignore:easy_install command is deprecated setup.py egg_info --egg-base ../../build/darkhorse_perception build --build-base /home/ram_charan/DH_ws/build/darkhorse_perception/build install --record /home/ram_charan/DH_ws/build/darkhorse_perception/install.log --single-version-externally-managed install_data
[1.571s] running egg_info
[1.572s] writing ../../build/darkhorse_perception/darkhorse_perception.egg-info/PKG-INFO
[1.572s] writing dependency_links to ../../build/darkhorse_perception/darkhorse_perception.egg-info/dependency_links.txt
[1.572s] writing entry points to ../../build/darkhorse_perception/darkhorse_perception.egg-info/entry_points.txt
[1.572s] writing requirements to ../../build/darkhorse_perception/darkhorse_perception.egg-info/requires.txt
[1.572s] writing top-level names to ../../build/darkhorse_perception/darkhorse_perception.egg-info/top_level.txt
[1.576s] reading manifest file '../../build/darkhorse_perception/darkhorse_perception.egg-info/SOURCES.txt'
[1.577s] writing manifest file '../../build/darkhorse_perception/darkhorse_perception.egg-info/SOURCES.txt'
[1.577s] running build
[1.577s] running build_py
[1.577s] running install
[1.578s] running install_lib
[1.579s] running install_data
[1.580s] running install_egg_info
[1.582s] removing '/home/ram_charan/DH_ws/install/darkhorse_perception/lib/python3.10/site-packages/darkhorse_perception-0.0.1-py3.10.egg-info' (and everything under it)
[1.582s] Copying ../../build/darkhorse_perception/darkhorse_perception.egg-info to /home/ram_charan/DH_ws/install/darkhorse_perception/lib/python3.10/site-packages/darkhorse_perception-0.0.1-py3.10.egg-info
[1.583s] running install_scripts
[1.609s] Installing camera_node script to /home/ram_charan/DH_ws/install/darkhorse_perception/lib/darkhorse_perception
[1.609s] Installing radar_rx_node script to /home/ram_charan/DH_ws/install/darkhorse_perception/lib/darkhorse_perception
[1.609s] Installing radar_visualizer script to /home/ram_charan/DH_ws/install/darkhorse_perception/lib/darkhorse_perception
[1.609s] writing list of installed files to '/home/ram_charan/DH_ws/build/darkhorse_perception/install.log'
[1.647s] Invoked command in '/home/ram_charan/DH_ws/src/darkhorse_perception' returned '0': PYTHONPATH=/home/ram_charan/DH_ws/build/darkhorse_perception/prefix_override:/usr/lib/python3/dist-packages/colcon_core/task/python/colcon_distutils_commands:/home/ram_charan/DH_ws/install/darkhorse_perception/lib/python3.10/site-packages:${PYTHONPATH} /usr/bin/python3 -W ignore:setup.py install is deprecated -W ignore:easy_install command is deprecated setup.py egg_info --egg-base ../../build/darkhorse_perception build --build-base /home/ram_charan/DH_ws/build/darkhorse_perception/build install --record /home/ram_charan/DH_ws/build/darkhorse_perception/install.log --single-version-externally-managed install_data
